<?xml version="1.0" encoding="UTF-8"?>
<!-- Generated by org.testng.reporters.JUnitReportReporter -->
<testsuite hostname="EXIMR-IM-320" name="com.walmart.test.TrendingItem" tests="1" failures="0" timestamp="16 May 2018 10:15:22 GMT" time="18.351" errors="1">
  <testcase name="testTrendingItem" time="18.351" classname="com.walmart.test.TrendingItem">
    <error type="java.lang.IllegalStateException" message="Not a JSON Array: {&quot;time&quot;:1526465704021,&quot;items&quot;:[{&quot;itemId&quot;:722613447,&quot;parentItemId&quot;:722613447,&quot;name&quot;:&quot;Farberware 3.2-Quart Digital Oil-Less Fryer, Black&quot;,&quot;msrp&quot;:69.0,&quot;salePrice&quot;:50.0,&quot;upc&quot;:&quot;848052004283&quot;,&quot;categoryPath&quot;:&quot;Home/Appliances/Kitchen Appliances/Fryers/Air Fryers&quot;,&quot;shortDescription&quot;:&quot;The Farberware Digital Oil-Less Fryer is an healthier alternative to traditional frying using little-to-no oil. Use this Oil-Less fryer to bake, cook or fry up to two pounds of your favorite foods. With its rapid hot air technology and its eight preprogrammed cooking options, the Farberware Digital Oil-Less Fryer is the perfect complement to any kitchen. Using little to no oil, this unit circulates hot air evenly around the food, which provides uniform cooking. Give your food a crispy finish without the guilt of cooking with excess oil. Use the digital touchscreen control panel to set the time and temperature that you want, or select from one of the eight easy-to-use preprogrammed options. Cooking has never been so easy with the Farberware Digital Oil-Less Fryer!&quot;,&quot;longDescription&quot;:&quot;&amp;lt;ul&amp;gt;&amp;lt;li&amp;gt;Healthier alternative to traditional frying using little-to-no-oil&amp;lt;/li&amp;gt;&amp;lt;li&amp;gt;8 easy-to-use preprogrammed cooking options&amp;lt;/li&amp;gt;&amp;lt;li&amp;gt;Strong hot air convection for fast, healthy cooking&amp;lt;/li&amp;gt;&amp;lt;li&amp;gt;3-liter capacity, cooks up to 2 lbs of food&amp;lt;/li&amp;gt;&amp;lt;li&amp;gt;Digital touchscreen control panel: set the time and temperature that you want, or select from 1 of the 8 easy-to use preprogrammed options&amp;lt;/li&amp;gt;&amp;lt;li&amp;gt;Temperature selector from 150 to 400 degrees F&amp;lt;/li&amp;gt;&amp;lt;li&amp;gt;Dishwasher-safe basket for easy cleaning&amp;lt;/li&amp;gt;&amp;lt;li&amp;gt;Using little to no oil, this unit circulates hot air evenly around the food, which provides uniform cooking&amp;lt;/li&amp;gt;&amp;lt;li&amp;gt;Give your food a crispy finish without the guilt of cooking with excess oil&amp;lt;/li&amp;gt;&amp;lt;li&amp;gt;Includes 25 recipes&amp;lt;/li&amp;gt;&amp;lt;li&amp;gt;Dimensions: 14&amp;quot;L x 10.7&amp;quot;W x 12.5&amp;quot;H&amp;lt;/li&amp;gt;&amp;lt;li&amp;gt;Model# FBWFT43479BK&amp;lt;/li&amp;gt;&amp;lt;/ul&amp;gt;&quot;,&quot;brandName&quot;:&quot;Farberware&quot;,&quot;thumbnailImage&quot;:&quot;https://i5.walmartimages.com/asr/7449781e-fca4-4d1d-9f1e-88bd5accafff_1.e691285467bc22e4f32c546415cf377f.jpeg?odnHeight=100&amp;odnWidth=100&amp;odnBg=FFFFFF&quot;,&quot;mediumImage&quot;:&quot;https://i5.walmartimages.com/asr/7449781e-fca4-4d1d-9f1e-88bd5accafff_1.e691285467bc22e4f32c546415cf377f.jpeg?odnHeight=180&amp;odnWidth=180&amp;odnBg=FFFFFF&quot;,&quot;largeImage&quot;:&quot;https://i5.walmartimages.com/asr/7449781e-fca4-4d1d-9f1e-88bd5accafff_1.e691285467bc22e4f32c546415cf377f.jpeg?odnHeight=450&amp;odnWidth=450&amp;odnBg=FFFFFF&quot;,&quot;productTrackingUrl&quot;:&quot;http://linksynergy.walmart.com/fs-bin/click?id=|LSNID|&amp;offerid=223073.7200&amp;type=14&amp;catid=8&amp;subid=0&amp;hid=7200&amp;tmpid=1082&amp;RD_PARM1=https%253A%252F%252Fwww.walmart.com%252Fip%252FFarberware-3-2-Quart-Digital-Oil-Less-Fryer-Black%252F722613447%253Faffp1%253DH-JVMzorBRQOTBioe9MKJOGSfQyvSqNadbq6TI8wrRc%2526affilsrc%253Dapi&quot;,&quot;ninetySevenCentShipping&quot;:false,&quot;standardShipRate&quot;:0.0,&quot;size&quot;:&quot;9880707&quot;,&quot;color&quot;:&quot;Black&quot;,&quot;marketplace&quot;:false,&quot;shipToStore&quot;:true,&quot;freeShipToStore&quot;:true,&quot;modelNumber&quot;:&quot;FBWFT43479BK&quot;,&quot;productUrl&quot;:&quot;http://c.affil.walmart.com/t/api01?l=https%3A%2F%2Fwww.walmart.com%2Fip%2FFarberware-3-2-Quart-Digital-Oil-Less-Fryer-Black%2F722613447%3Faffp1%3DH-JVMzorBRQOTBioe9MKJOGSfQyvSqNadbq6TI8wrRc%26affilsrc%3Dapi%26veh%3Daff%26wmlspartner%3Dreadonlyapi&quot;,&quot;customerRating&quot;:&quot;4.095&quot;,&quot;numReviews&quot;:63,&quot;variants&quot;:[722613447,264698854],&quot;customerRatingImage&quot;:&quot;http://i2.walmartimages.com/i/CustRating/4_1.gif&quot;,&quot;categoryNode&quot;:&quot;4044_90548_90546&quot;,&quot;bundle&quot;:false,&quot;clearance&quot;:false,&quot;preOrder&quot;:false,&quot;stock&quot;:&quot;Available&quot;,&quot;attributes&quot;:{&quot;color&quot;:&quot;Black&quot;,&quot;consumerItemNumber&quot;:&quot;9880707&quot;,&quot;wklyFcstWeeks&quot;:&quot;343.94519277719348300000&quot;},&quot;addToCartUrl&quot;:&quot;http://c.affil.walmart.com/t/api01?l=http%3A%2F%2Faffil.walmart.com%2Fcart%2FaddToCart%3Fitems%3D722613447%7C1%26affp1%3DH-JVMzorBRQOTBioe9MKJOGSfQyvSqNadbq6TI8wrRc%26affilsrc%3Dapi%26veh%3Daff%26wmlspartner%3Dreadonlyapi&quot;,&quot;affiliateAddToCartUrl&quot;:&quot;http://linksynergy.walmart.com/fs-bin/click?id=|LSNID|&amp;offerid=223073.7200&amp;type=14&amp;catid=8&amp;subid=0&amp;hid=7200&amp;tmpid=1082&amp;RD_PARM1=http%253A%252F%252Faffil.walmart.com%252Fcart%252FaddToCart%253Fitems%253D722613447%257C1%2526affp1%253DH-JVMzorBRQOTBioe9MKJOGSfQyvSqNadbq6TI8wrRc%2526affilsrc%253Dapi&quot;,&quot;freeShippingOver50Dollars&quot;:true,&quot;giftOptions&quot;:{&quot;allowGiftWrap&quot;:false,&quot;allowGiftMessage&quot;:false,&quot;allowGiftReceipt&quot;:false},&quot;imageEntities&quot;:[{&quot;thumbnailImage&quot;:&quot;https://i5.walmartimages.com/asr/eefcd35b-b616-4448-ba59-f74aea3131ff_2.ff921ce67a71498eb52885c443914eeb.jpeg?odnHeight=100&amp;odnWidth=100&amp;odnBg=FFFFFF&quot;,&quot;mediumImage&quot;:&quot;https://i5.walmartimages.com/asr/eefcd35b-b616-4448-ba59-f74aea3131ff_2.ff921ce67a71498eb52885c443914eeb.jpeg?odnHeight=180&amp;odnWidth=180&amp;odnBg=FFFFFF&quot;,&quot;largeImage&quot;:&quot;https://i5.walmartimages.com/asr/eefcd35b-b616-4448-ba59-f74aea3131ff_2.ff921ce67a71498eb52885c443914eeb.jpeg?odnHeight=450&amp;odnWidth=450&amp;odnBg=FFFFFF&quot;,&quot;entityType&quot;:&quot;SECONDARY&quot;},{&quot;thumbnailImage&quot;:&quot;https://i5.walmartimages.com/asr/0c5c21b5-f9b6-486e-8937-e38b4879a599_1.5c084ce69aba310514a95221fcc1e890.jpeg?odnHeight=100&amp;odnWidth=100&amp;odnBg=FFFFFF&quot;,&quot;mediumImage&quot;:&quot;https://i5.walmartimages.com/asr/0c5c21b5-f9b6-486e-8937-e38b4879a599_1.5c084ce69aba310514a95221fcc1e890.jpeg?odnHeight=180&amp;odnWidth=180&amp;odnBg=FFFFFF&quot;,&quot;largeImage&quot;:&quot;https://i5.walmartimages.com/asr/0c5c21b5-f9b6-486e-8937-e38b4879a599_1.5c084ce69aba310514a95221fcc1e890.jpeg?odnHeight=450&amp;odnWidth=450&amp;odnBg=FFFFFF&quot;,&quot;entityType&quot;:&quot;SECONDARY&quot;},{&quot;thumbnailImage&quot;:&quot;https://i5.walmartimages.com/asr/6bdf4968-edd3-4274-9f86-23b89d3c269b_2.d954f28740d2e938fadb90611f0624ef.jpeg?odnHeight=100&amp;odnWidth=100&amp;odnBg=FFFFFF&quot;,&quot;mediumImage&quot;:&quot;https://i5.walmartimages.com/asr/6bdf4968-edd3-4274-9f86-23b89d3c269b_2.d954f28740d2e938fadb90611f0624ef.jpeg?odnHeight=180&amp;odnWidth=180&amp;odnBg=FFFFFF&quot;,&quot;largeImage&quot;:&quot;https://i5.walmartimages.com/asr/6bdf4968-edd3-4274-9f86-23b89d3c269b_2.d954f28740d2e938fadb90611f0624ef.jpeg?odnHeight=450&amp;odnWidth=450&amp;odnBg=FFFFFF&quot;,&quot;entityType&quot;:&quot;SECONDARY&quot;},{&quot;thumbnailImage&quot;:&quot;https://i5.walmartimages.com/asr/7449781e-fca4-4d1d-9f1e-88bd5accafff_1.e691285467bc22e4f32c546415cf377f.jpeg?odnHeight=100&amp;odnWidth=100&amp;odnBg=FFFFFF&quot;,&quot;mediumImage&quot;:&quot;https://i5.walmartimages.com/asr/7449781e-fca4-4d1d-9f1e-88bd5accafff_1.e691285467bc22e4f32c546415cf377f.jpeg?odnHeight=180&amp;odnWidth=180&amp;odnBg=FFFFFF&quot;,&quot;largeImage&quot;:&quot;https://i5.walmartimages.com/asr/7449781e-fca4-4d1d-9f1e-88bd5accafff_1.e691285467bc22e4f32c546415cf377f.jpeg?odnHeight=450&amp;odnWidth=450&amp;odnBg=FFFFFF&quot;,&quot;entityType&quot;:&quot;PRIMARY&quot;}],&quot;offerType&quot;:&quot;ONLINE_AND_STORE&quot;,&quot;isTwoDayShippingEligible&quot;:true,&quot;availableOnline&quot;:true},{&quot;itemId&quot;:5027120,&quot;parentItemId&quot;:5027120,&quot;name&quot;:&quot;16x20 Gallery Wrap Canvas&quot;,&quot;msrp&quot;:39.96,&quot;salePrice&quot;:29.97,&quot;categoryPath&quot;:&quot;Photo Center/Photo Products/Photo Products&quot;,&quot;shortDescription&quot;:&quot;Picture perfect! Create your very own wall art with a professional, photo quality Gallery-Wrapped Canvas. Customize this beautiful 16x20 inches canvas with a favorite photo, vacation shots, wedding photos, family portraits, and more! The canvas has an elegant finish to highlight and protect your photo. Features a 1.25 inches gallery-wrap, impact-resistant construction, perfectly flat corners, and a solid back. Comes with hinged hardware for wall hanging.&quot;,&quot;longDescription&quot;:&quot;Turn any of your special moments or child&#039;s work of art into your homes next conversation piece! Using archival quality archival inks that resist fading, your image is printed to canvas fabric that is resistant to moisture, scratching and fading of your image. The Canvas Features a 1.25 inches gallery wrap, impact-resistant construction, perfectly flat corners, and a solid back. Comes with hinged hardware for wall hanging. We also offer a variety of frames to finish your canvas.&amp;lt;br&amp;gt;&amp;lt;ul&amp;gt;&amp;lt;li&amp;gt;Also Available for Same-Day pickup&amp;lt;br&amp;gt;&amp;lt;/li&amp;gt;&amp;lt;/ul&amp;gt;&amp;lt;br&amp;gt;&quot;,&quot;brandName&quot;:&quot;Wal-Mart Digital Photo Center&quot;,&quot;thumbnailImage&quot;:&quot;https://i5.walmartimages.com/asr/a83e64d4-50c2-4753-a277-d1d9441446c0_1.022f4c073bf1633bd8af3d24eb8ebb50.jpeg?odnHeight=100&amp;odnWidth=100&amp;odnBg=FFFFFF&quot;,&quot;mediumImage&quot;:&quot;https://i5.walmartimages.com/asr/a83e64d4-50c2-4753-a277-d1d9441446c0_1.022f4c073bf1633bd8af3d24eb8ebb50.jpeg?odnHeight=180&amp;odnWidth=180&amp;odnBg=FFFFFF&quot;,&quot;largeImage&quot;:&quot;https://i5.walmartimages.com/asr/a83e64d4-50c2-4753-a277-d1d9441446c0_1.022f4c073bf1633bd8af3d24eb8ebb50.jpeg?odnHeight=450&amp;odnWidth=450&amp;odnBg=FFFFFF&quot;,&quot;productTrackingUrl&quot;:&quot;http://linksynergy.walmart.com/fs-bin/click?id=|LSNID|&amp;offerid=223073.7200&amp;type=14&amp;catid=8&amp;subid=0&amp;hid=7200&amp;tmpid=1082&amp;RD_PARM1=https%253A%252F%252Fwww.walmart.com%252Fip%252F16x20-Gallery-Wrap-Canvas%252F5027120%253Faffp1%253DH-JVMzorBRQOTBioe9MKJOGSfQyvSqNadbq6TI8wrRc%2526affilsrc%253Dapi&quot;,&quot;ninetySevenCentShipping&quot;:false,&quot;standardShipRate&quot;:0.0,&quot;size&quot;:&quot;Each&quot;,&quot;color&quot;:&quot;Each&quot;,&quot;marketplace&quot;:false,&quot;shipToStore&quot;:true,&quot;freeShipToStore&quot;:true,&quot;productUrl&quot;:&quot;http://c.affil.walmart.com/t/api01?l=https%3A%2F%2Fwww.walmart.com%2Fip%2F16x20-Gallery-Wrap-Canvas%2F5027120%3Faffp1%3DH-JVMzorBRQOTBioe9MKJOGSfQyvSqNadbq6TI8wrRc%26affilsrc%3Dapi%26veh%3Daff%26wmlspartner%3Dreadonlyapi&quot;,&quot;variants&quot;:[5027120,21094672],&quot;categoryNode&quot;:&quot;5426_531183_1044304&quot;,&quot;bundle&quot;:false,&quot;clearance&quot;:false,&quot;preOrder&quot;:false,&quot;stock&quot;:&quot;Available&quot;,&quot;attributes&quot;:{&quot;canonicalUrl&quot;:&quot;/ip/16x20-Gallery-Wrap-Canvas/5027120&quot;,&quot;isSortable&quot;:&quot;Y&quot;,&quot;ppuQtyUom&quot;:&quot;Each&quot;},&quot;addToCartUrl&quot;:&quot;http://c.affil.walmart.com/t/api01?l=http%3A%2F%2Faffil.walmart.com%2Fcart%2FaddToCart%3Fitems%3D5027120%7C1%26affp1%3DH-JVMzorBRQOTBioe9MKJOGSfQyvSqNadbq6TI8wrRc%26affilsrc%3Dapi%26veh%3Daff%26wmlspartner%3Dreadonlyapi&quot;,&quot;affiliateAddToCartUrl&quot;:&quot;http://linksynergy.walmart.com/fs-bin/click?id=|LSNID|&amp;offerid=223073.7200&amp;type=14&amp;catid=8&amp;subid=0&amp;hid=7200&amp;tmpid=1082&amp;RD_PARM1=http%253A%252F%252Faffil.walmart.com%252Fcart%252FaddToCart%253Fitems%253D5027120%257C1%2526affp1%253DH-JVMzorBRQOTBioe9MKJOGSfQyvSqNadbq6TI8wrRc%2526affilsrc%253Dapi&quot;,&quot;freeShippingOver50Dollars&quot;:false,&quot;imageEntities&quot;:[{&quot;thumbnailImage&quot;:&quot;https://i5.walmartimages.com/asr/e0673160-4e80-4985-ba71-2255561b7c55_1.0987d629f8658b1f36d6d90184d0d61b.jpeg?odnHeight=100&amp;odnWidth=100&amp;odnBg=FFFFFF&quot;,&quot;mediumImage&quot;:&quot;https://i5.walmartimages.com/asr/e0673160-4e80-4985-ba71-2255561b7c55_1.0987d629f8658b1f36d6d90184d0d61b.jpeg?odnHeight=180&amp;odnWidth=180&amp;odnBg=FFFFFF&quot;,&quot;largeImage&quot;:&quot;https://i5.walmartimages.com/asr/e0673160-4e80-4985-ba71-2255561b7c55_1.0987d629f8658b1f36d6d90184d0d61b.jpeg?odnHeight=450&amp;odnWidth=450&amp;odnBg=FFFFFF&quot;,&quot;entityType&quot;:&quot;SECONDARY&quot;},{&quot;thumbnailImage&quot;:&quot;https://i5.walmartimages.com/asr/a83e64d4-50c2-4753-a277-d1d9441446c0_1.022f4c073bf1633bd8af3d24eb8ebb50.jpeg?odnHeight=100&amp;odnWidth=100&amp;odnBg=FFFFFF&quot;,&quot;mediumImage&quot;:&quot;https://i5.walmartimages.com/asr/a83e64d4-50c2-4753-a277-d1d9441446c0_1.022f4c073bf1633bd8af3d24eb8ebb50.jpeg?odnHeight=180&amp;odnWidth=180&amp;odnBg=FFFFFF&quot;,&quot;largeImage&quot;:&quot;https://i5.walmartimages.com/asr/a83e64d4-50c2-4753-a277-d1d9441446c0_1.022f4c073bf1633bd8af3d24eb8ebb50.jpeg?odnHeight=450&amp;odnWidth=450&amp;odnBg=FFFFFF&quot;,&quot;entityType&quot;:&quot;PRIMARY&quot;}],&quot;offerType&quot;:&quot;ONLINE_ONLY&quot;,&quot;isTwoDayShippingEligible&quot;:false,&quot;availableOnline&quot;:true},{&quot;itemId&quot;:599120369,&quot;parentItemId&quot;:599120369,&quot;name&quot;:&quot;Google Home Mini, Chalk 2-pk&quot;,&quot;salePrice&quot;:78.0,&quot;upc&quot;:&quot;842776105189&quot;,&quot;categoryPath&quot;:&quot;Electronics/Smart Home/Smart Home Assistants, Controllers &amp; Hubs/Google Home Products&quot;,&quot;shortDescription&quot;:&quot;short description is not available&quot;,&quot;longDescription&quot;:&quot;&amp;lt;div&amp;gt;https://www.walmart.com/cp/voice-shopping/9668992&amp;lt;br&amp;gt;&amp;lt;/div&amp;gt;&amp;lt;div&amp;gt;&amp;lt;span style=&amp;quot;font-weight: 700;&amp;quot;&amp;gt;&amp;lt;br&amp;gt;&amp;lt;/span&amp;gt;&amp;lt;/div&amp;gt;&amp;lt;b&amp;gt;&amp;lt;br&amp;gt;A powerful little helper&amp;lt;/b&amp;gt;.&amp;lt;br&amp;gt;Get hands-free help in any room with Google Home Mini. It&#039;s powered by the Google Assistant. You can ask it questions. Tell it to do things. It&amp;iuml;&amp;iquest;&amp;frac12;&amp;iuml;&amp;iquest;&amp;frac12;&amp;iuml;&amp;iquest;&amp;frac12;s your own personal Google.&amp;lt;br&amp;gt;&amp;lt;br&amp;gt;&amp;lt;span style=&amp;quot;font-weight: 700;&amp;quot;&amp;gt;Get answers from Google.&amp;lt;/span&amp;gt;&amp;lt;br&amp;gt;Use your voice to quickly find information about the weather, news, sports and more. &amp;quot;Hey Google, will I need an umbrella today?&amp;quot;&amp;lt;br&amp;gt;&amp;lt;br&amp;gt;&amp;lt;span style=&amp;quot;font-weight: 700;&amp;quot;&amp;gt;Manage your day from breakfast to bed.&amp;lt;/span&amp;gt;&amp;lt;div&amp;gt;Get help with things like your schedule, commute, travel information and more.Google Home Mini can even help you find a lost iPhone or Android phone and make phone calls to any personal contact or business. &amp;quot;Hey Google, wake me up at 6:30 AM tomorrow.&amp;quot;&amp;nbsp;&amp;lt;/div&amp;gt;&amp;lt;div&amp;gt;&amp;lt;br&amp;gt;&amp;lt;/div&amp;gt;&amp;lt;div&amp;gt;&amp;lt;b&amp;gt;Play, pause, and rewind. Hands-free.&amp;lt;/b&amp;gt;&amp;lt;/div&amp;gt;&amp;lt;div&amp;gt;&amp;lt;div&amp;gt;Control your favorite music, movies and shows, using only your voice. &amp;quot;Hey Google, play some pop music.&amp;quot;&amp;nbsp;&amp;lt;/div&amp;gt;&amp;lt;div&amp;gt;&amp;lt;br&amp;gt;&amp;lt;/div&amp;gt;&amp;lt;div&amp;gt;&amp;lt;b&amp;gt;Control your smart home&amp;lt;/b&amp;gt;.&amp;lt;/div&amp;gt;&amp;lt;/div&amp;gt;&amp;lt;div&amp;gt;&amp;lt;div&amp;gt;Use your voice to control your compatible lights, thermostats and more. Google Home Mini works with more than 1,000 smart devices from over 150 popular brands. &amp;quot;Hey Google, turn off the bedroom lights.&amp;quot;&amp;lt;/div&amp;gt;&amp;lt;div&amp;gt;Fun for the whole family.&amp;lt;/div&amp;gt;&amp;lt;div&amp;gt;Learn something new, play fun games and listen to stories with the Google Assistant. Want to tell the kids breakfast is ready? Broadcast a message to other Google Home devices around the house. &amp;iuml;&amp;iquest;&amp;frac12;&amp;iuml;&amp;iquest;&amp;frac12;&amp;iuml;&amp;iquest;&amp;frac12;Hey Google, let&amp;iuml;&amp;iquest;&amp;frac12;&amp;iuml;&amp;iquest;&amp;frac12;&amp;iuml;&amp;iquest;&amp;frac12;s play a game.&amp;iuml;&amp;iquest;&amp;frac12;&amp;iuml;&amp;iquest;&amp;frac12;&amp;iuml;&amp;iquest;&amp;frac12; Your child can sign in to Google Home devices with their Google Account managed with Family Link.&amp;lt;/div&amp;gt;&amp;lt;div&amp;gt;&amp;lt;br&amp;gt;&amp;lt;/div&amp;gt;&amp;lt;div&amp;gt;&amp;lt;b&amp;gt;Your voice. Your info.&amp;lt;/b&amp;gt;&amp;lt;/div&amp;gt;&amp;lt;/div&amp;gt;&amp;lt;div&amp;gt;&amp;lt;div&amp;gt;Get personalized responses for everyone at home with voice recognition. &amp;quot;Hey Google, when is my first meeting tomorrow?&amp;quot;&amp;lt;/div&amp;gt;&amp;lt;div&amp;gt;Choose between different colors.&amp;lt;/div&amp;gt;&amp;lt;/div&amp;gt;&amp;lt;div&amp;gt;Google Home Mini comes in two unique colors, Chalk and Charcoal. Select the right color that matches your room and personal style.&amp;lt;/div&amp;gt;&amp;lt;div&amp;gt;1 In the US and Canada. 911 and 1-900 calls are not supported.&amp;lt;/div&amp;gt;&amp;lt;div&amp;gt;&amp;lt;div&amp;gt;2 Subscriptions required to access some content.&amp;lt;/div&amp;gt;&amp;lt;div&amp;gt;3 Your child can sign in to Google Home devices with their Google Account managed with Family Link.&amp;lt;/div&amp;gt;&amp;lt;div&amp;gt;4 Google Home can distinguish up to six voices in total.&amp;lt;/div&amp;gt;&amp;lt;/div&amp;gt;&quot;,&quot;brandName&quot;:&quot;Google&quot;,&quot;thumbnailImage&quot;:&quot;https://i5.walmartimages.com/asr/e6752f93-04ce-4292-b15a-7b2f06947d71_1.f8abfd175efb6fa0ca1cca5e628a09ee.jpeg?odnHeight=100&amp;odnWidth=100&amp;odnBg=FFFFFF&quot;,&quot;mediumImage&quot;:&quot;https://i5.walmartimages.com/asr/e6752f93-04ce-4292-b15a-7b2f06947d71_1.f8abfd175efb6fa0ca1cca5e628a09ee.jpeg?odnHeight=180&amp;odnWidth=180&amp;odnBg=FFFFFF&quot;,&quot;largeImage&quot;:&quot;https://i5.walmartimages.com/asr/e6752f93-04ce-4292-b15a-7b2f06947d71_1.f8abfd175efb6fa0ca1cca5e628a09ee.jpeg?odnHeight=450&amp;odnWidth=450&amp;odnBg=FFFFFF&quot;,&quot;productTrackingUrl&quot;:&quot;http://linksynergy.walmart.com/fs-bin/click?id=|LSNID|&amp;offerid=223073.7200&amp;type=14&amp;catid=8&amp;subid=0&amp;hid=7200&amp;tmpid=1082&amp;RD_PARM1=https%253A%252F%252Fwww.walmart.com%252Fip%252FGoogle-Home-Mini-Chalk-2-pk%252F599120369%253Faffp1%253DH-JVMzorBRQOTBioe9MKJOGSfQyvSqNadbq6TI8wrRc%2526affilsrc%253Dapi&quot;,&quot;ninetySevenCentShipping&quot;:false,&quot;standardShipRate&quot;:0.0,&quot;size&quot;:&quot;N&quot;,&quot;color&quot;:&quot;N&quot;,&quot;marketplace&quot;:false,&quot;shipToStore&quot;:true,&quot;freeShipToStore&quot;:true,&quot;modelNumber&quot;:&quot;GA00377-US&quot;,&quot;productUrl&quot;:&quot;http://c.affil.walmart.com/t/api01?l=https%3A%2F%2Fwww.walmart.com%2Fip%2FGoogle-Home-Mini-Chalk-2-pk%2F599120369%3Faffp1%3DH-JVMzorBRQOTBioe9MKJOGSfQyvSqNadbq6TI8wrRc%26affilsrc%3Dapi%26veh%3Daff%26wmlspartner%3Dreadonlyapi&quot;,&quot;categoryNode&quot;:&quot;3944_1229875_9098006&quot;,&quot;bundle&quot;:false,&quot;clearance&quot;:false,&quot;preOrder&quot;:false,&quot;stock&quot;:&quot;Available&quot;,&quot;attributes&quot;:{&quot;hasStateRestrictions&quot;:&quot;N&quot;,&quot;mirrorNum&quot;:&quot;6&quot;,&quot;velocityClassification&quot;:&quot;N&quot;},&quot;addToCartUrl&quot;:&quot;http://c.affil.walmart.com/t/api01?l=http%3A%2F%2Faffil.walmart.com%2Fcart%2FaddToCart%3Fitems%3D599120369%7C1%26affp1%3DH-JVMzorBRQOTBioe9MKJOGSfQyvSqNadbq6TI8wrRc%26affilsrc%3Dapi%26veh%3Daff%26wmlspartner%3Dreadonlyapi&quot;,&quot;affiliateAddToCartUrl&quot;:&quot;http://linksynergy.walmart.com/fs-bin/click?id=|LSNID|&amp;offerid=223073.7200&amp;type=14&amp;catid=8&amp;subid=0&amp;hid=7200&amp;tmpid=1082&amp;RD_PARM1=http%253A%252F%252Faffil.walmart.com%252Fcart%252FaddToCart%253Fitems%253D599120369%257C1%2526affp1%253DH-JVMzorBRQOTBioe9MKJOGSfQyvSqNadbq6TI8wrRc%2526affilsrc%253Dapi&quot;,&quot;freeShippingOver50Dollars&quot;:true,&quot;giftOptions&quot;:{&quot;allowGiftWrap&quot;:false,&quot;allowGiftMessage&quot;:true,&quot;allowGiftReceipt&quot;:true},&quot;imageEntities&quot;:[{&quot;thumbnailImage&quot;:&quot;https://i5.walmartimages.com/asr/f967f2a8-1549-451f-a35d-b2de34c1847b_1.9158d46c8cffa8bfbd0e4e4b6017a7f0.jpeg?odnHeight=100&amp;odnWidth=100&amp;odnBg=FFFFFF&quot;,&quot;mediumImage&quot;:&quot;https://i5.walmartimages.com/asr/f967f2a8-1549-451f-a35d-b2de34c1847b_1.9158d46c8cffa8bfbd0e4e4b6017a7f0.jpeg?odnHeight=180&amp;odnWidth=180&amp;odnBg=FFFFFF&quot;,&quot;largeImage&quot;:&quot;https://i5.walmartimages.com/asr/f967f2a8-1549-451f-a35d-b2de34c1847b_1.9158d46c8cffa8bfbd0e4e4b6017a7f0.jpeg?odnHeight=450&amp;odnWidth=450&amp;odnBg=FFFFFF&quot;,&quot;entityType&quot;:&quot;SECONDARY&quot;},{&quot;thumbnailImage&quot;:&quot;https://i5.walmartimages.com/asr/7322be89-c549-4d7e-ad30-44b004ce629c_4.af6e99a2662ba22f43e46391cba52835.jpeg?odnHeight=100&amp;odnWidth=100&amp;odnBg=FFFFFF&quot;,&quot;mediumImage&quot;:&quot;https://i5.walmartimages.com/asr/7322be89-c549-4d7e-ad30-44b004ce629c_4.af6e99a2662ba22f43e46391cba52835.jpeg?odnHeight=180&amp;odnWidth=180&amp;odnBg=FFFFFF&quot;,&quot;largeImage&quot;:&quot;https://i5.walmartimages.com/asr/7322be89-c549-4d7e-ad30-44b004ce629c_4.af6e99a2662ba22f43e46391cba52835.jpeg?odnHeight=450&amp;odnWidth=450&amp;odnBg=FFFFFF&quot;,&quot;entityType&quot;:&quot;SECONDARY&quot;},{&quot;thumbnailImage&quot;:&quot;https://i5.walmartimages.com/asr/2ff5634c-25c1-402e-b09d-f1be6d358f5c_1.25f2a833526df27aecf6449701645fea.jpeg?odnHeight=100&amp;odnWidth=100&amp;odnBg=FFFFFF&quot;,&quot;mediumImage&quot;:&quot;https://i5.walmartimages.com/asr/2ff5634c-25c1-402e-b09d-f1be6d358f5c_1.25f2a833526df27aecf6449701645fea.jpeg?odnHeight=180&amp;odnWidth=180&amp;odnBg=FFFFFF&quot;,&quot;largeImage&quot;:&quot;https://i5.walmartimages.com/asr/2ff5634c-25c1-402e-b09d-f1be6d358f5c_1.25f2a833526df27aecf6449701645fea.jpeg?odnHeight=450&amp;odnWidth=450&amp;odnBg=FFFFFF&quot;,&quot;entityType&quot;:&quot;SECONDARY&quot;},{&quot;thumbnailImage&quot;:&quot;https://i5.walmartimages.com/asr/fbea0f5d-0e53-4bf8-ac78-4d81f42ae1e8_1.0bc4c77191a97b422a4bf4be9805ae88.jpeg?odnHeight=100&amp;odnWidth=100&amp;odnBg=FFFFFF&quot;,&quot;mediumImage&quot;:&quot;https://i5.walmartimages.com/asr/fbea0f5d-0e53-4bf8-ac78-4d81f42ae1e8_1.0bc4c77191a97b422a4bf4be9805ae88.jpeg?odnHeight=180&amp;odnWidth=180&amp;odnBg=FFFFFF&quot;,&quot;largeImage&quot;:&quot;https://i5.walmartimages.com/asr/fbea0f5d-0e53-4bf8-ac78-4d81f42ae1e8_1.0bc4c77191a97b422a4bf4be9805ae88.jpeg?odnHeight=450&amp;odnWidth=450&amp;odnBg=FFFFFF&quot;,&quot;entityType&quot;:&quot;SECONDARY&quot;},{&quot;thumbnailImage&quot;:&quot;https://i5.walmartimages.com/asr/0361fa69-5400-4e9e-acb1-17205c0b6bcc_1.b7ddcbf6d22f0c0319c9aa074be905d9.jpeg?odnHeight=100&amp;odnWidth=100&amp;odnBg=FFFFFF&quot;,&quot;mediumImage&quot;:&quot;https://i5.walmartimages.com/asr/0361fa69-5400-4e9e-acb1-17205c0b6bcc_1.b7ddcbf6d22f0c0319c9aa074be905d9.jpeg?odnHeight=180&amp;odnWidth=180&amp;odnBg=FFFFFF&quot;,&quot;largeImage&quot;:&quot;https://i5.walmartimages.com/asr/0361fa69-5400-4e9e-acb1-17205c0b6bcc_1.b7ddcbf6d22f0c0319c9aa074be905d9.jpeg?odnHeight=450&amp;odnWidth=450&amp;odnBg=FFFFFF&quot;,&quot;entityType&quot;:&quot;SECONDARY&quot;},{&quot;thumbnailImage&quot;:&quot;https://i5.walmartimages.com/asr/e6752f93-04ce-4292-b15a-7b2f06947d71_1.f8abfd175efb6fa0ca1cca5e628a09ee.jpeg?odnHeight=100&amp;odnWidth=100&amp;odnBg=FFFFFF&quot;,&quot;mediumImage&quot;:&quot;https://i5.walmartimages.com/asr/e6752f93-04ce-4292-b15a-7b2f06947d71_1.f8abfd175efb6fa0ca1cca5e628a09ee.jpeg?odnHeight=180&amp;odnWidth=180&amp;odnBg=FFFFFF&quot;,&quot;largeImage&quot;:&quot;https://i5.walmartimages.com/asr/e6752f93-04ce-4292-b15a-7b2f06947d71_1.f8abfd175efb6fa0ca1cca5e628a09ee.jpeg?odnHeight=450&amp;odnWidth=450&amp;odnBg=FFFFFF&quot;,&quot;entityType&quot;:&quot;PRIMARY&quot;}],&quot;offerType&quot;:&quot;ONLINE_AND_STORE&quot;,&quot;isTwoDayShippingEligible&quot;:true,&quot;availableOnline&quot;:true},{&quot;itemId&quot;:492655980,&quot;parentItemId&quot;:492655980,&quot;name&quot;:&quot;Black Panther (4K Ultra HD + Blu-ray + Digital Code)&quot;,&quot;msrp&quot;:39.99,&quot;salePrice&quot;:24.99,&quot;upc&quot;:&quot;786936856316&quot;,&quot;categoryPath&quot;:&quot;Movies &amp; TV Shows/Movies/Action &amp; Adventure Movies/All Action &amp; Adventure&quot;,&quot;shortDescription&quot;:&quot;After the death of his father, the king of Wakanda, young T&amp;rsquo;Challa returns home to the isolated high-tech African nation to succeed to the throne and take his rightful place as king. But when a powerful enemy reappears, T&amp;rsquo;Challa&amp;rsquo;s mettle as king &amp;ndash; and Black Panther &amp;ndash; is tested when he&amp;rsquo;s drawn into a formidable conflict that puts the fate of Wakanda and the entire world at risk. Faced with treachery and danger, he must release the full power of Black Panther to defeat his foes and secure the safety of his people and their way of life.&quot;,&quot;longDescription&quot;:&quot;Black Panther (4K Ultra HD + Blu-ray + Digital Code)&quot;,&quot;brandName&quot;:&quot;Disney&quot;,&quot;thumbnailImage&quot;:&quot;https://i5.walmartimages.com/asr/a424963b-1e5c-4d4f-b039-765a86b72367_1.04ff88306d30a59b60ea62c3000a76e8.jpeg?odnHeight=100&amp;odnWidth=100&amp;odnBg=FFFFFF&quot;,&quot;mediumImage&quot;:&quot;https://i5.walmartimages.com/asr/a424963b-1e5c-4d4f-b039-765a86b72367_1.04ff88306d30a59b60ea62c3000a76e8.jpeg?odnHeight=180&amp;odnWidth=180&amp;odnBg=FFFFFF&quot;,&quot;largeImage&quot;:&quot;https://i5.walmartimages.com/asr/a424963b-1e5c-4d4f-b039-765a86b72367_1.04ff88306d30a59b60ea62c3000a76e8.jpeg?odnHeight=450&amp;odnWidth=450&amp;odnBg=FFFFFF&quot;,&quot;productTrackingUrl&quot;:&quot;http://linksynergy.walmart.com/fs-bin/click?id=|LSNID|&amp;offerid=223073.7200&amp;type=14&amp;catid=8&amp;subid=0&amp;hid=7200&amp;tmpid=1082&amp;RD_PARM1=https%253A%252F%252Fwww.walmart.com%252Fip%252FBlack-Panther-4K-Ultra-HD-Blu-ray-Digital-Code%252F492655980%253Faffp1%253DH-JVMzorBRQOTBioe9MKJOGSfQyvSqNadbq6TI8wrRc%2526affilsrc%253Dapi&quot;,&quot;ninetySevenCentShipping&quot;:false,&quot;standardShipRate&quot;:0.0,&quot;size&quot;:&quot;Buena Vista Home Entertainment&quot;,&quot;color&quot;:&quot;Buena Vista Home Entertainment&quot;,&quot;marketplace&quot;:false,&quot;shipToStore&quot;:false,&quot;freeShipToStore&quot;:false,&quot;productUrl&quot;:&quot;http://c.affil.walmart.com/t/api01?l=https%3A%2F%2Fwww.walmart.com%2Fip%2FBlack-Panther-4K-Ultra-HD-Blu-ray-Digital-Code%2F492655980%3Faffp1%3DH-JVMzorBRQOTBioe9MKJOGSfQyvSqNadbq6TI8wrRc%26affilsrc%3Dapi%26veh%3Daff%26wmlspartner%3Dreadonlyapi&quot;,&quot;customerRating&quot;:&quot;5.0&quot;,&quot;numReviews&quot;:1,&quot;customerRatingImage&quot;:&quot;http://i2.walmartimages.com/i/CustRating/5.gif&quot;,&quot;categoryNode&quot;:&quot;4096_530598_530698&quot;,&quot;bundle&quot;:false,&quot;clearance&quot;:false,&quot;preOrder&quot;:true,&quot;preOrderShipsOn&quot;:&quot;2018-05-14&quot;,&quot;stock&quot;:&quot;Available&quot;,&quot;attributes&quot;:{&quot;isReplenishable&quot;:&quot;0&quot;,&quot;ppuQtyUom&quot;:&quot;Each&quot;,&quot;studioNm&quot;:&quot;Buena Vista Home Entertainment&quot;},&quot;addToCartUrl&quot;:&quot;http://c.affil.walmart.com/t/api01?l=http%3A%2F%2Faffil.walmart.com%2Fcart%2FaddToCart%3Fitems%3D492655980%7C1%26affp1%3DH-JVMzorBRQOTBioe9MKJOGSfQyvSqNadbq6TI8wrRc%26affilsrc%3Dapi%26veh%3Daff%26wmlspartner%3Dreadonlyapi&quot;,&quot;affiliateAddToCartUrl&quot;:&quot;http://linksynergy.walmart.com/fs-bin/click?id=|LSNID|&amp;offerid=223073.7200&amp;type=14&amp;catid=8&amp;subid=0&amp;hid=7200&amp;tmpid=1082&amp;RD_PARM1=http%253A%252F%252Faffil.walmart.com%252Fcart%252FaddToCart%253Fitems%253D492655980%257C1%2526affp1%253DH-JVMzorBRQOTBioe9MKJOGSfQyvSqNadbq6TI8wrRc%2526affilsrc%253Dapi&quot;,&quot;freeShippingOver50Dollars&quot;:true,&quot;imageEntities&quot;:[{&quot;thumbnailImage&quot;:&quot;https://i5.walmartimages.com/asr/a424963b-1e5c-4d4f-b039-765a86b72367_1.04ff88306d30a59b60ea62c3000a76e8.jpeg?odnHeight=100&amp;odnWidth=100&amp;odnBg=FFFFFF&quot;,&quot;mediumImage&quot;:&quot;https://i5.walmartimages.com/asr/a424963b-1e5c-4d4f-b039-765a86b72367_1.04ff88306d30a59b60ea62c3000a76e8.jpeg?odnHeight=180&amp;odnWidth=180&amp;odnBg=FFFFFF&quot;,&quot;largeImage&quot;:&quot;https://i5.walmartimages.com/asr/a424963b-1e5c-4d4f-b039-765a86b72367_1.04ff88306d30a59b60ea62c3000a76e8.jpeg?odnHeight=450&amp;odnWidth=450&amp;odnBg=FFFFFF&quot;,&quot;entityType&quot;:&quot;PRIMARY&quot;}],&quot;offerType&quot;:&quot;ONLINE_AND_STORE&quot;,&quot;isTwoDayShippingEligible&quot;:true,&quot;availableOnline&quot;:true},{&quot;itemId&quot;:54827138,&quot;parentItemId&quot;:54827138,&quot;name&quot;:&quot;Mi Box Android TV&quot;,&quot;msrp&quot;:69.0,&quot;salePrice&quot;:64.0,&quot;upc&quot;:&quot;190997000012&quot;,&quot;categoryPath&quot;:&quot;Electronics/Home Audio &amp; Theater/Home Theater/Media Players &amp; Recorders/Media Streaming Players&quot;,&quot;shortDescription&quot;:&quot;Upgrade your television experience with the sleek yet powerful Mi Box, a streaming device and gaming box powered by Google&#039;s Android TV operating system. Mi Box allows you to access your favorite streaming apps including Netflix, HBO, Showtime, Youtube and more directly on the big screen. You can also enjoy live TV channels such as ESPN, Disney, CBS and CNN all without a cable subscription via Sling TV. With support of up to 4K Ultra HD at 60 frames per second, true to life pictures pop from your screen as you watch the NFL live or play a racing game. This is how television content was meant to be consumed, what you want and when you want it, all with the sharpest and smoothest video quality. Powered by Google Cast, Mi Box makes sharing your small screens easy. You can cast shows, movies, music and more from your phone, tablet or laptop onto your TV with a single tap. The Mi Box remote comes with Google voice search built in and gives you ultimate control.&quot;,&quot;longDescription&quot;:&quot;&amp;lt;br&amp;gt;&amp;lt;b&amp;gt;Mi Box Android TV:&amp;lt;/b&amp;gt;&amp;lt;ul&amp;gt;&amp;lt;li&amp;gt;Sling TV: sign up to watch your favorite live channels and get $50 credit towards your subscription&amp;lt;/li&amp;gt;&amp;lt;li&amp;gt;CBS All Access: stream your favorite shows live and on demand with 1 month of free access&amp;lt;/li&amp;gt;&amp;lt;li&amp;gt;Pandora: listen to your favorite music with a 3-month free trial&amp;lt;/li&amp;gt;&amp;lt;li&amp;gt;VUDU: rent, buy or watch your favorite movie or TV show on demand with $5 credit&amp;lt;/li&amp;gt;&amp;lt;li&amp;gt;Enjoy thousands of movies, TV shows and music with Netflix, HBO, Showtime, Youtube, Pandora and much more&amp;lt;/li&amp;gt;&amp;lt;li&amp;gt;Watch live TV channels like ESPN, CBS, CNN and Disney (via Sling TV)&amp;lt;/li&amp;gt;&amp;lt;li&amp;gt;Built-in Android TV 6.0 with Google Cast lets you stream shows, movies, music and much more from your phone, tablet or laptop onto your TV&amp;lt;/li&amp;gt;&amp;lt;li&amp;gt;4K Ultra HD with High Dynamic Range (HDR) support lets you watch videos in detail like never before&amp;lt;/li&amp;gt;&amp;lt;li&amp;gt;Speak into the Bluetooth voice remote and Mi Box searches for what you want with Google voice search&amp;lt;/li&amp;gt;&amp;lt;li&amp;gt;Android and iOS smartphone compatible&amp;lt;/li&amp;gt;&amp;lt;li&amp;gt;What&#039;s in the box:&amp;lt;ul&amp;gt;&amp;lt;li&amp;gt;Mi Box&amp;lt;/li&amp;gt;&amp;lt;li&amp;gt;Bluetooth voice remote&amp;lt;/li&amp;gt;&amp;lt;li&amp;gt;Power adapter&amp;lt;/li&amp;gt;&amp;lt;li&amp;gt;HDMI cable&amp;lt;/li&amp;gt;&amp;lt;li&amp;gt;User guide&amp;lt;/li&amp;gt;&amp;lt;li&amp;gt;Offers booklet ($76 value)&amp;lt;/li&amp;gt;&amp;lt;/ul&amp;gt;&amp;lt;/li&amp;gt;&amp;lt;/ul&amp;gt;&quot;,&quot;brandName&quot;:&quot;Mi Box&quot;,&quot;thumbnailImage&quot;:&quot;https://i5.walmartimages.com/asr/0e250335-dfae-461d-87b2-f1321726a0db_1.0d5795d0fead1abe4ec898af6d05ce74.jpeg?odnHeight=100&amp;odnWidth=100&amp;odnBg=FFFFFF&quot;,&quot;mediumImage&quot;:&quot;https://i5.walmartimages.com/asr/0e250335-dfae-461d-87b2-f1321726a0db_1.0d5795d0fead1abe4ec898af6d05ce74.jpeg?odnHeight=180&amp;odnWidth=180&amp;odnBg=FFFFFF&quot;,&quot;largeImage&quot;:&quot;https://i5.walmartimages.com/asr/0e250335-dfae-461d-87b2-f1321726a0db_1.0d5795d0fead1abe4ec898af6d05ce74.jpeg?odnHeight=450&amp;odnWidth=450&amp;odnBg=FFFFFF&quot;,&quot;productTrackingUrl&quot;:&quot;http://linksynergy.walmart.com/fs-bin/click?id=|LSNID|&amp;offerid=223073.7200&amp;type=14&amp;catid=8&amp;subid=0&amp;hid=7200&amp;tmpid=1082&amp;RD_PARM1=https%253A%252F%252Fwww.walmart.com%252Fip%252FMi-Box-Android-TV%252F54827138%253Faffp1%253DH-JVMzorBRQOTBioe9MKJOGSfQyvSqNadbq6TI8wrRc%2526affilsrc%253Dapi&quot;,&quot;ninetySevenCentShipping&quot;:false,&quot;standardShipRate&quot;:0.0,&quot;size&quot;:&quot;Black&quot;,&quot;color&quot;:&quot;Black&quot;,&quot;shipToStore&quot;:true,&quot;freeShipToStore&quot;:true,&quot;modelNumber&quot;:&quot;MDZ-16-AB&quot;,&quot;productUrl&quot;:&quot;http://c.affil.walmart.com/t/api01?l=https%3A%2F%2Fwww.walmart.com%2Fip%2FMi-Box-Android-TV%2F54827138%3Faffp1%3DH-JVMzorBRQOTBioe9MKJOGSfQyvSqNadbq6TI8wrRc%26affilsrc%3Dapi%26veh%3Daff%26wmlspartner%3Dreadonlyapi&quot;,&quot;customerRating&quot;:&quot;4.046&quot;,&quot;numReviews&quot;:327,&quot;customerRatingImage&quot;:&quot;http://i2.walmartimages.com/i/CustRating/4.gif&quot;,&quot;bestMarketplacePrice&quot;:{&quot;twoThreeDayShippingRate&quot;:0.0,&quot;availableOnline&quot;:false,&quot;clearance&quot;:false},&quot;categoryNode&quot;:&quot;3944_77622_7549938&quot;,&quot;bundle&quot;:false,&quot;clearance&quot;:false,&quot;preOrder&quot;:false,&quot;stock&quot;:&quot;Available&quot;,&quot;attributes&quot;:{&quot;actualColor&quot;:&quot;Black&quot;,&quot;color&quot;:&quot;Black&quot;,&quot;features&quot;:&quot;Bluetooth&quot;},&quot;addToCartUrl&quot;:&quot;http://c.affil.walmart.com/t/api01?l=http%3A%2F%2Faffil.walmart.com%2Fcart%2FaddToCart%3Fitems%3D54827138%7C1%26affp1%3DH-JVMzorBRQOTBioe9MKJOGSfQyvSqNadbq6TI8wrRc%26affilsrc%3Dapi%26veh%3Daff%26wmlspartner%3Dreadonlyapi&quot;,&quot;affiliateAddToCartUrl&quot;:&quot;http://linksynergy.walmart.com/fs-bin/click?id=|LSNID|&amp;offerid=223073.7200&amp;type=14&amp;catid=8&amp;subid=0&amp;hid=7200&amp;tmpid=1082&amp;RD_PARM1=http%253A%252F%252Faffil.walmart.com%252Fcart%252FaddToCart%253Fitems%253D54827138%257C1%2526affp1%253DH-JVMzorBRQOTBioe9MKJOGSfQyvSqNadbq6TI8wrRc%2526affilsrc%253Dapi&quot;,&quot;freeShippingOver50Dollars&quot;:true,&quot;giftOptions&quot;:{&quot;allowGiftWrap&quot;:false,&quot;allowGiftMessage&quot;:false,&quot;allowGiftReceipt&quot;:false},&quot;imageEntities&quot;:[{&quot;thumbnailImage&quot;:&quot;https://i5.walmartimages.com/asr/14857818-6a4e-46a6-8124-00e436b1052c_1.e3fcb8f1d70c3c704c177aab49c14fae.jpeg?odnHeight=100&amp;odnWidth=100&amp;odnBg=FFFFFF&quot;,&quot;mediumImage&quot;:&quot;https://i5.walmartimages.com/asr/14857818-6a4e-46a6-8124-00e436b1052c_1.e3fcb8f1d70c3c704c177aab49c14fae.jpeg?odnHeight=180&amp;odnWidth=180&amp;odnBg=FFFFFF&quot;,&quot;largeImage&quot;:&quot;https://i5.walmartimages.com/asr/14857818-6a4e-46a6-8124-00e436b1052c_1.e3fcb8f1d70c3c704c177aab49c14fae.jpeg?odnHeight=450&amp;odnWidth=450&amp;odnBg=FFFFFF&quot;,&quot;entityType&quot;:&quot;SECONDARY&quot;},{&quot;thumbnailImage&quot;:&quot;https://i5.walmartimages.com/asr/db945a5b-2307-46a9-b89d-c6cca3003ba9_1.d412b08b2159476542150dc75e72b801.jpeg?odnHeight=100&amp;odnWidth=100&amp;odnBg=FFFFFF&quot;,&quot;mediumImage&quot;:&quot;https://i5.walmartimages.com/asr/db945a5b-2307-46a9-b89d-c6cca3003ba9_1.d412b08b2159476542150dc75e72b801.jpeg?odnHeight=180&amp;odnWidth=180&amp;odnBg=FFFFFF&quot;,&quot;largeImage&quot;:&quot;https://i5.walmartimages.com/asr/db945a5b-2307-46a9-b89d-c6cca3003ba9_1.d412b08b2159476542150dc75e72b801.jpeg?odnHeight=450&amp;odnWidth=450&amp;odnBg=FFFFFF&quot;,&quot;entityType&quot;:&quot;SECONDARY&quot;},{&quot;thumbnailImage&quot;:&quot;https://i5.walmartimages.com/asr/95fc5b8a-a05f-4689-b326-10f7f3f7d163_1.05601381b655b16e59857d33de03cafb.jpeg?odnHeight=100&amp;odnWidth=100&amp;odnBg=FFFFFF&quot;,&quot;mediumImage&quot;:&quot;https://i5.walmartimages.com/asr/95fc5b8a-a05f-4689-b326-10f7f3f7d163_1.05601381b655b16e59857d33de03cafb.jpeg?odnHeight=180&amp;odnWidth=180&amp;odnBg=FFFFFF&quot;,&quot;largeImage&quot;:&quot;https://i5.walmartimages.com/asr/95fc5b8a-a05f-4689-b326-10f7f3f7d163_1.05601381b655b16e59857d33de03cafb.jpeg?odnHeight=450&amp;odnWidth=450&amp;odnBg=FFFFFF&quot;,&quot;entityType&quot;:&quot;SECONDARY&quot;},{&quot;thumbnailImage&quot;:&quot;https://i5.walmartimages.com/asr/79e56384-95cf-4433-9a3d-3c802730fb2f_1.81e144b225aa60f6e50b40765e4383f4.jpeg?odnHeight=100&amp;odnWidth=100&amp;odnBg=FFFFFF&quot;,&quot;mediumImage&quot;:&quot;https://i5.walmartimages.com/asr/79e56384-95cf-4433-9a3d-3c802730fb2f_1.81e144b225aa60f6e50b40765e4383f4.jpeg?odnHeight=180&amp;odnWidth=180&amp;odnBg=FFFFFF&quot;,&quot;largeImage&quot;:&quot;https://i5.walmartimages.com/asr/79e56384-95cf-4433-9a3d-3c802730fb2f_1.81e144b225aa60f6e50b40765e4383f4.jpeg?odnHeight=450&amp;odnWidth=450&amp;odnBg=FFFFFF&quot;,&quot;entityType&quot;:&quot;SECONDARY&quot;},{&quot;thumbnailImage&quot;:&quot;https://i5.walmartimages.com/asr/0e250335-dfae-461d-87b2-f1321726a0db_1.0d5795d0fead1abe4ec898af6d05ce74.jpeg?odnHeight=100&amp;odnWidth=100&amp;odnBg=FFFFFF&quot;,&quot;mediumImage&quot;:&quot;https://i5.walmartimages.com/asr/0e250335-dfae-461d-87b2-f1321726a0db_1.0d5795d0fead1abe4ec898af6d05ce74.jpeg?odnHeight=180&amp;odnWidth=180&amp;odnBg=FFFFFF&quot;,&quot;largeImage&quot;:&quot;https://i5.walmartimages.com/asr/0e250335-dfae-461d-87b2-f1321726a0db_1.0d5795d0fead1abe4ec898af6d05ce74.jpeg?odnHeight=450&amp;odnWidth=450&amp;odnBg=FFFFFF&quot;,&quot;entityType&quot;:&quot;PRIMARY&quot;}],&quot;offerType&quot;:&quot;ONLINE_AND_STORE&quot;,&quot;isTwoDayShippingEligible&quot;:true,&quot;availableOnline&quot;:true},{&quot;itemId&quot;:44810041,&quot;parentItemId&quot;:44810041,&quot;name&quot;:&quot;Sun Joe TJ603E Electric Garden Tiller/Cultivator | 16-Inch | 12 Amp&quot;,&quot;msrp&quot;:149.99,&quot;salePrice&quot;:88.52,&quot;upc&quot;:&quot;810829023261&quot;,&quot;categoryPath&quot;:&quot;Patio &amp; Garden/Outdoor Power Equipment/Tillers &amp; Cultivators&quot;,&quot;shortDescription&quot;:&quot;The dirty little secret of great gardens. Dig it, and experience the one tiller that&#039;s truly up to the task! Introducing a greener, cleaner way to get dirty with the Sun Joe TILLER JOE TJ603E Electric Tiller + Cultivator. A powerful 12-amp motor quickly pulverizes dirt, effortlessly slicing through the soil at 340 RPM, ensuring maximum aeration and perfectly preparing the seedbed for planting. Cultivate an area 16 inches wide and up to 8 inches deep in seconds. Control weeds where needed, TILLER JOE tames the toughest yard and garden tasks with more comfort and less strain. Rear wheels make it easy to maneuver wherever it&#039;s needed, and its collapsible handle makes it a cinch to store when it&#039;s not.&quot;,&quot;longDescription&quot;:&quot;&amp;lt;br&amp;gt;&amp;lt;b&amp;gt;Sun Joe Tiller Joe 16&amp;quot; 12-Amp Electric Garden Tiller/Cultivator:&amp;lt;/b&amp;gt;&amp;lt;ul&amp;gt;&amp;lt;li&amp;gt;Powerful 12-amp motor cultivates up to 16&amp;quot; (40.6 cm) wide x 8&amp;quot; (20.3 cm) deep&amp;lt;/li&amp;gt;&amp;lt;li&amp;gt;Handle folds for convenient storage and easy transport&amp;lt;/li&amp;gt;&amp;lt;li&amp;gt;3-position wheel adjustment&amp;lt;/li&amp;gt;&amp;lt;li&amp;gt;Maintenance free&amp;lt;/li&amp;gt;&amp;lt;li&amp;gt;2-year warranty&amp;lt;/li&amp;gt;&amp;lt;li&amp;gt;Model# TJ603E&amp;lt;/li&amp;gt;&amp;lt;/ul&amp;gt;&quot;,&quot;brandName&quot;:&quot;Sun Joe&quot;,&quot;thumbnailImage&quot;:&quot;https://i5.walmartimages.com/asr/eba36651-c16e-4d81-9439-4b35f93cdb92_1.0b262a1d219a236ff966af7d68eec858.jpeg?odnHeight=100&amp;odnWidth=100&amp;odnBg=FFFFFF&quot;,&quot;mediumImage&quot;:&quot;https://i5.walmartimages.com/asr/eba36651-c16e-4d81-9439-4b35f93cdb92_1.0b262a1d219a236ff966af7d68eec858.jpeg?odnHeight=180&amp;odnWidth=180&amp;odnBg=FFFFFF&quot;,&quot;largeImage&quot;:&quot;https://i5.walmartimages.com/asr/eba36651-c16e-4d81-9439-4b35f93cdb92_1.0b262a1d219a236ff966af7d68eec858.jpeg?odnHeight=450&amp;odnWidth=450&amp;odnBg=FFFFFF&quot;,&quot;productTrackingUrl&quot;:&quot;http://linksynergy.walmart.com/fs-bin/click?id=|LSNID|&amp;offerid=223073.7200&amp;type=14&amp;catid=8&amp;subid=0&amp;hid=7200&amp;tmpid=1082&amp;RD_PARM1=https%253A%252F%252Fwww.walmart.com%252Fip%252FSun-Joe-TJ603E-Electric-Garden-Tiller-Cultivator-16-Inch-12-Amp%252F44810041%253Faffp1%253DH-JVMzorBRQOTBioe9MKJOGSfQyvSqNadbq6TI8wrRc%2526affilsrc%253Dapi&quot;,&quot;ninetySevenCentShipping&quot;:false,&quot;standardShipRate&quot;:0.0,&quot;size&quot;:&quot;\&quot;16\\\&quot;\&quot;16\&quot;\&quot;\&quot;&quot;,&quot;color&quot;:&quot;Green&quot;,&quot;shipToStore&quot;:true,&quot;freeShipToStore&quot;:true,&quot;modelNumber&quot;:&quot;SUNNTJ603E&quot;,&quot;productUrl&quot;:&quot;http://c.affil.walmart.com/t/api01?l=https%3A%2F%2Fwww.walmart.com%2Fip%2FSun-Joe-TJ603E-Electric-Garden-Tiller-Cultivator-16-Inch-12-Amp%2F44810041%3Faffp1%3DH-JVMzorBRQOTBioe9MKJOGSfQyvSqNadbq6TI8wrRc%26affilsrc%3Dapi%26veh%3Daff%26wmlspartner%3Dreadonlyapi&quot;,&quot;customerRating&quot;:&quot;4.623&quot;,&quot;numReviews&quot;:207,&quot;customerRatingImage&quot;:&quot;http://i2.walmartimages.com/i/CustRating/4_6.gif&quot;,&quot;bestMarketplacePrice&quot;:{&quot;price&quot;:132.49,&quot;sellerInfo&quot;:&quot;Overstock&quot;,&quot;standardShipRate&quot;:0.0,&quot;availableOnline&quot;:true,&quot;clearance&quot;:false,&quot;offerType&quot;:&quot;ONLINE_ONLY&quot;},&quot;categoryNode&quot;:&quot;5428_1102182_1225079&quot;,&quot;bundle&quot;:false,&quot;clearance&quot;:false,&quot;preOrder&quot;:false,&quot;stock&quot;:&quot;Available&quot;,&quot;attributes&quot;:{&quot;color&quot;:&quot;Green&quot;,&quot;isReplenishable&quot;:&quot;0&quot;,&quot;size&quot;:&quot;16\&quot;&quot;},&quot;addToCartUrl&quot;:&quot;http://c.affil.walmart.com/t/api01?l=http%3A%2F%2Faffil.walmart.com%2Fcart%2FaddToCart%3Fitems%3D44810041%7C1%26affp1%3DH-JVMzorBRQOTBioe9MKJOGSfQyvSqNadbq6TI8wrRc%26affilsrc%3Dapi%26veh%3Daff%26wmlspartner%3Dreadonlyapi&quot;,&quot;affiliateAddToCartUrl&quot;:&quot;http://linksynergy.walmart.com/fs-bin/click?id=|LSNID|&amp;offerid=223073.7200&amp;type=14&amp;catid=8&amp;subid=0&amp;hid=7200&amp;tmpid=1082&amp;RD_PARM1=http%253A%252F%252Faffil.walmart.com%252Fcart%252FaddToCart%253Fitems%253D44810041%257C1%2526affp1%253DH-JVMzorBRQOTBioe9MKJOGSfQyvSqNadbq6TI8wrRc%2526affilsrc%253Dapi&quot;,&quot;freeShippingOver50Dollars&quot;:true,&quot;giftOptions&quot;:{&quot;allowGiftWrap&quot;:false,&quot;allowGiftMessage&quot;:false,&quot;allowGiftReceipt&quot;:false},&quot;imageEntities&quot;:[{&quot;thumbnailImage&quot;:&quot;https://i5.walmartimages.com/asr/caf3555b-1ea4-4d3b-ada8-f3af6af6ce98_1.27a4d19fe6328c5db009b7f6e71d5252.jpeg?odnHeight=100&amp;odnWidth=100&amp;odnBg=FFFFFF&quot;,&quot;mediumImage&quot;:&quot;https://i5.walmartimages.com/asr/caf3555b-1ea4-4d3b-ada8-f3af6af6ce98_1.27a4d19fe6328c5db009b7f6e71d5252.jpeg?odnHeight=180&amp;odnWidth=180&amp;odnBg=FFFFFF&quot;,&quot;largeImage&quot;:&quot;https://i5.walmartimages.com/asr/caf3555b-1ea4-4d3b-ada8-f3af6af6ce98_1.27a4d19fe6328c5db009b7f6e71d5252.jpeg?odnHeight=450&amp;odnWidth=450&amp;odnBg=FFFFFF&quot;,&quot;entityType&quot;:&quot;SECONDARY&quot;},{&quot;thumbnailImage&quot;:&quot;https://i5.walmartimages.com/asr/e1198e2d-2e3d-4779-8d7f-dfc2483f52a9_1.421cba48a57862fd9ceb7ade8dc9f170.jpeg?odnHeight=100&amp;odnWidth=100&amp;odnBg=FFFFFF&quot;,&quot;mediumImage&quot;:&quot;https://i5.walmartimages.com/asr/e1198e2d-2e3d-4779-8d7f-dfc2483f52a9_1.421cba48a57862fd9ceb7ade8dc9f170.jpeg?odnHeight=180&amp;odnWidth=180&amp;odnBg=FFFFFF&quot;,&quot;largeImage&quot;:&quot;https://i5.walmartimages.com/asr/e1198e2d-2e3d-4779-8d7f-dfc2483f52a9_1.421cba48a57862fd9ceb7ade8dc9f170.jpeg?odnHeight=450&amp;odnWidth=450&amp;odnBg=FFFFFF&quot;,&quot;entityType&quot;:&quot;SECONDARY&quot;},{&quot;thumbnailImage&quot;:&quot;https://i5.walmartimages.com/asr/b7d5b606-12c1-4305-b53f-20c219c9d1d1_1.82bd3e0a8b9548dfb1125dfc385f9d70.jpeg?odnHeight=100&amp;odnWidth=100&amp;odnBg=FFFFFF&quot;,&quot;mediumImage&quot;:&quot;https://i5.walmartimages.com/asr/b7d5b606-12c1-4305-b53f-20c219c9d1d1_1.82bd3e0a8b9548dfb1125dfc385f9d70.jpeg?odnHeight=180&amp;odnWidth=180&amp;odnBg=FFFFFF&quot;,&quot;largeImage&quot;:&quot;https://i5.walmartimages.com/asr/b7d5b606-12c1-4305-b53f-20c219c9d1d1_1.82bd3e0a8b9548dfb1125dfc385f9d70.jpeg?odnHeight=450&amp;odnWidth=450&amp;odnBg=FFFFFF&quot;,&quot;entityType&quot;:&quot;SECONDARY&quot;},{&quot;thumbnailImage&quot;:&quot;https://i5.walmartimages.com/asr/07ef78fb-0cb7-4a7c-b5f2-73ee4ce47aaf_1.cdababb322e366a003502739a4861ffa.jpeg?odnHeight=100&amp;odnWidth=100&amp;odnBg=FFFFFF&quot;,&quot;mediumImage&quot;:&quot;https://i5.walmartimages.com/asr/07ef78fb-0cb7-4a7c-b5f2-73ee4ce47aaf_1.cdababb322e366a003502739a4861ffa.jpeg?odnHeight=180&amp;odnWidth=180&amp;odnBg=FFFFFF&quot;,&quot;largeImage&quot;:&quot;https://i5.walmartimages.com/asr/07ef78fb-0cb7-4a7c-b5f2-73ee4ce47aaf_1.cdababb322e366a003502739a4861ffa.jpeg?odnHeight=450&amp;odnWidth=450&amp;odnBg=FFFFFF&quot;,&quot;entityType&quot;:&quot;SECONDARY&quot;},{&quot;thumbnailImage&quot;:&quot;https://i5.walmartimages.com/asr/236e63a4-5ebc-48cf-b873-10697cbd5d6f_1.49b2a5e6fce8c78c141012890cf16728.jpeg?odnHeight=100&amp;odnWidth=100&amp;odnBg=FFFFFF&quot;,&quot;mediumImage&quot;:&quot;https://i5.walmartimages.com/asr/236e63a4-5ebc-48cf-b873-10697cbd5d6f_1.49b2a5e6fce8c78c141012890cf16728.jpeg?odnHeight=180&amp;odnWidth=180&amp;odnBg=FFFFFF&quot;,&quot;largeImage&quot;:&quot;https://i5.walmartimages.com/asr/236e63a4-5ebc-48cf-b873-10697cbd5d6f_1.49b2a5e6fce8c78c141012890cf16728.jpeg?odnHeight=450&amp;odnWidth=450&amp;odnBg=FFFFFF&quot;,&quot;entityType&quot;:&quot;SECONDARY&quot;},{&quot;thumbnailImage&quot;:&quot;https://i5.walmartimages.com/asr/eba36651-c16e-4d81-9439-4b35f93cdb92_1.0b262a1d219a236ff966af7d68eec858.jpeg?odnHeight=100&amp;odnWidth=100&amp;odnBg=FFFFFF&quot;,&quot;mediumImage&quot;:&quot;https://i5.walmartimages.com/asr/eba36651-c16e-4d81-9439-4b35f93cdb92_1.0b262a1d219a236ff966af7d68eec858.jpeg?odnHeight=180&amp;odnWidth=180&amp;odnBg=FFFFFF&quot;,&quot;largeImage&quot;:&quot;https://i5.walmartimages.com/asr/eba36651-c16e-4d81-9439-4b35f93cdb92_1.0b262a1d219a236ff966af7d68eec858.jpeg?odnHeight=450&amp;odnWidth=450&amp;odnBg=FFFFFF&quot;,&quot;entityType&quot;:&quot;PRIMARY&quot;}],&quot;offerType&quot;:&quot;ONLINE_AND_STORE&quot;,&quot;isTwoDayShippingEligible&quot;:false,&quot;availableOnline&quot;:true},{&quot;itemId&quot;:451084042,&quot;parentItemId&quot;:451084042,&quot;name&quot;:&quot;Apple iPad (5th Generation) 32GB Wi-Fi Gold&quot;,&quot;msrp&quot;:499.99,&quot;salePrice&quot;:249.0,&quot;upc&quot;:&quot;190198323071&quot;,&quot;categoryPath&quot;:&quot;Electronics/iPad &amp; Tablets/All Tablets&quot;,&quot;shortDescription&quot;:&quot;The 9.7-inch iPad delivers the revolutionary iPad experience at an even more affordable price. The vivid Retina display offers an immersive viewing experience. The A9 chip provides amazing performance, yet it still delivers up to 10 hours of battery life. And the durable aluminum unibody enclosure is just 7.5 mm thin and weighs just a pound. With advanced cameras, ultrafast wireless connectivity, Touch ID, Apple Pay, iOS 10, and more than 1.3 million apps on the App Store, you can work, play, surf, and shop everywhere. Apple&#039;s most popular-sized iPad is a great choice for firsttime iPad owners and upgraders who want to enjoy the benefits of a powerful, new iPad.&quot;,&quot;longDescription&quot;:&quot;&amp;lt;div&amp;gt;&amp;lt;b&amp;gt;Apple iPad 32GB Wi-Fi - Gold (5th generation):&amp;lt;/b&amp;gt;&amp;lt;br&amp;gt;&amp;lt;/div&amp;gt;&amp;lt;ul&amp;gt;&amp;lt;li&amp;gt;9.7-inch Retina display, wide color and true tone&amp;lt;br&amp;gt;&amp;lt;/li&amp;gt;&amp;lt;li&amp;gt;A9 third-generation chip with 64-bit architecture&amp;lt;br&amp;gt;&amp;lt;/li&amp;gt;&amp;lt;li&amp;gt;M9 motion coprocessor&amp;lt;br&amp;gt;&amp;lt;/li&amp;gt;&amp;lt;li&amp;gt;1.2MP FaceTime HD camera&amp;lt;br&amp;gt;&amp;lt;/li&amp;gt;&amp;lt;li&amp;gt;8MP iSight camera&amp;lt;br&amp;gt;&amp;lt;/li&amp;gt;&amp;lt;li&amp;gt;Touch ID&amp;lt;br&amp;gt;&amp;lt;/li&amp;gt;&amp;lt;li&amp;gt;Apple Pay&amp;lt;/li&amp;gt;&amp;lt;/ul&amp;gt;&quot;,&quot;brandName&quot;:&quot;Apple&quot;,&quot;thumbnailImage&quot;:&quot;https://i5.walmartimages.com/asr/d77b32ee-66fa-48d3-bd3c-b9b24a496483_1.78997456599888c8d59bf7aa18af2fab.jpeg?odnHeight=100&amp;odnWidth=100&amp;odnBg=FFFFFF&quot;,&quot;mediumImage&quot;:&quot;https://i5.walmartimages.com/asr/d77b32ee-66fa-48d3-bd3c-b9b24a496483_1.78997456599888c8d59bf7aa18af2fab.jpeg?odnHeight=180&amp;odnWidth=180&amp;odnBg=FFFFFF&quot;,&quot;largeImage&quot;:&quot;https://i5.walmartimages.com/asr/d77b32ee-66fa-48d3-bd3c-b9b24a496483_1.78997456599888c8d59bf7aa18af2fab.jpeg?odnHeight=450&amp;odnWidth=450&amp;odnBg=FFFFFF&quot;,&quot;productTrackingUrl&quot;:&quot;http://linksynergy.walmart.com/fs-bin/click?id=|LSNID|&amp;offerid=223073.7200&amp;type=14&amp;catid=8&amp;subid=0&amp;hid=7200&amp;tmpid=1082&amp;RD_PARM1=https%253A%252F%252Fwww.walmart.com%252Fip%252FApple-iPad-5th-Generation-32GB-Wi-Fi-Gold%252F451084042%253Faffp1%253DH-JVMzorBRQOTBioe9MKJOGSfQyvSqNadbq6TI8wrRc%2526affilsrc%253Dapi&quot;,&quot;standardShipRate&quot;:0.0,&quot;size&quot;:&quot;2049-12-29 00:00:00.000000-07:00&quot;,&quot;color&quot;:&quot;Gold&quot;,&quot;modelNumber&quot;:&quot;MPGT2LL/A&quot;,&quot;productUrl&quot;:&quot;http://c.affil.walmart.com/t/api01?l=https%3A%2F%2Fwww.walmart.com%2Fip%2FApple-iPad-5th-Generation-32GB-Wi-Fi-Gold%2F451084042%3Faffp1%3DH-JVMzorBRQOTBioe9MKJOGSfQyvSqNadbq6TI8wrRc%26affilsrc%3Dapi%26veh%3Daff%26wmlspartner%3Dreadonlyapi&quot;,&quot;customerRating&quot;:&quot;4.8&quot;,&quot;numReviews&quot;:206,&quot;customerRatingImage&quot;:&quot;http://i2.walmartimages.com/i/CustRating/4_8.gif&quot;,&quot;categoryNode&quot;:&quot;3944_1078524_1078084&quot;,&quot;bundle&quot;:false,&quot;clearance&quot;:false,&quot;preOrder&quot;:false,&quot;stock&quot;:&quot;Available&quot;,&quot;attributes&quot;:{&quot;color&quot;:&quot;Gold&quot;,&quot;hasWarranty&quot;:&quot;Y&quot;,&quot;replenishmentEndDate&quot;:&quot;2049-12-29 00:00:00.000000-07:00&quot;},&quot;addToCartUrl&quot;:&quot;http://c.affil.walmart.com/t/api01?l=http%3A%2F%2Faffil.walmart.com%2Fcart%2FaddToCart%3Fitems%3D451084042%7C1%26affp1%3DH-JVMzorBRQOTBioe9MKJOGSfQyvSqNadbq6TI8wrRc%26affilsrc%3Dapi%26veh%3Daff%26wmlspartner%3Dreadonlyapi&quot;,&quot;affiliateAddToCartUrl&quot;:&quot;http://linksynergy.walmart.com/fs-bin/click?id=|LSNID|&amp;offerid=223073.7200&amp;type=14&amp;catid=8&amp;subid=0&amp;hid=7200&amp;tmpid=1082&amp;RD_PARM1=http%253A%252F%252Faffil.walmart.com%252Fcart%252FaddToCart%253Fitems%253D451084042%257C1%2526affp1%253DH-JVMzorBRQOTBioe9MKJOGSfQyvSqNadbq6TI8wrRc%2526affilsrc%253Dapi&quot;,&quot;freeShippingOver50Dollars&quot;:false,&quot;giftOptions&quot;:{&quot;allowGiftWrap&quot;:false,&quot;allowGiftMessage&quot;:false,&quot;allowGiftReceipt&quot;:false},&quot;imageEntities&quot;:[{&quot;thumbnailImage&quot;:&quot;https://i5.walmartimages.com/asr/3096556d-5475-4fff-ab24-cc1b1fbeb5cc_1.9219d829da83eac1f6918f37dc88e6fc.jpeg?odnHeight=100&amp;odnWidth=100&amp;odnBg=FFFFFF&quot;,&quot;mediumImage&quot;:&quot;https://i5.walmartimages.com/asr/3096556d-5475-4fff-ab24-cc1b1fbeb5cc_1.9219d829da83eac1f6918f37dc88e6fc.jpeg?odnHeight=180&amp;odnWidth=180&amp;odnBg=FFFFFF&quot;,&quot;largeImage&quot;:&quot;https://i5.walmartimages.com/asr/3096556d-5475-4fff-ab24-cc1b1fbeb5cc_1.9219d829da83eac1f6918f37dc88e6fc.jpeg?odnHeight=450&amp;odnWidth=450&amp;odnBg=FFFFFF&quot;,&quot;entityType&quot;:&quot;SECONDARY&quot;},{&quot;thumbnailImage&quot;:&quot;https://i5.walmartimages.com/asr/a7b97b11-ec5a-42a3-8e33-5c55954711d2_1.41474725c7426695487e102793e16673.jpeg?odnHeight=100&amp;odnWidth=100&amp;odnBg=FFFFFF&quot;,&quot;mediumImage&quot;:&quot;https://i5.walmartimages.com/asr/a7b97b11-ec5a-42a3-8e33-5c55954711d2_1.41474725c7426695487e102793e16673.jpeg?odnHeight=180&amp;odnWidth=180&amp;odnBg=FFFFFF&quot;,&quot;largeImage&quot;:&quot;https://i5.walmartimages.com/asr/a7b97b11-ec5a-42a3-8e33-5c55954711d2_1.41474725c7426695487e102793e16673.jpeg?odnHeight=450&amp;odnWidth=450&amp;odnBg=FFFFFF&quot;,&quot;entityType&quot;:&quot;SECONDARY&quot;},{&quot;thumbnailImage&quot;:&quot;https://i5.walmartimages.com/asr/2329803f-397e-4ce6-ae2c-21c91ee63ea2_1.824438992262134c0b480ca248019e10.jpeg?odnHeight=100&amp;odnWidth=100&amp;odnBg=FFFFFF&quot;,&quot;mediumImage&quot;:&quot;https://i5.walmartimages.com/asr/2329803f-397e-4ce6-ae2c-21c91ee63ea2_1.824438992262134c0b480ca248019e10.jpeg?odnHeight=180&amp;odnWidth=180&amp;odnBg=FFFFFF&quot;,&quot;largeImage&quot;:&quot;https://i5.walmartimages.com/asr/2329803f-397e-4ce6-ae2c-21c91ee63ea2_1.824438992262134c0b480ca248019e10.jpeg?odnHeight=450&amp;odnWidth=450&amp;odnBg=FFFFFF&quot;,&quot;entityType&quot;:&quot;SECONDARY&quot;},{&quot;thumbnailImage&quot;:&quot;https://i5.walmartimages.com/asr/d77b32ee-66fa-48d3-bd3c-b9b24a496483_1.78997456599888c8d59bf7aa18af2fab.jpeg?odnHeight=100&amp;odnWidth=100&amp;odnBg=FFFFFF&quot;,&quot;mediumImage&quot;:&quot;https://i5.walmartimages.com/asr/d77b32ee-66fa-48d3-bd3c-b9b24a496483_1.78997456599888c8d59bf7aa18af2fab.jpeg?odnHeight=180&amp;odnWidth=180&amp;odnBg=FFFFFF&quot;,&quot;largeImage&quot;:&quot;https://i5.walmartimages.com/asr/d77b32ee-66fa-48d3-bd3c-b9b24a496483_1.78997456599888c8d59bf7aa18af2fab.jpeg?odnHeight=450&amp;odnWidth=450&amp;odnBg=FFFFFF&quot;,&quot;entityType&quot;:&quot;PRIMARY&quot;}],&quot;offerType&quot;:&quot;ONLINE_AND_STORE&quot;,&quot;isTwoDayShippingEligible&quot;:true,&quot;availableOnline&quot;:true},{&quot;itemId&quot;:657136655,&quot;parentItemId&quot;:657136655,&quot;name&quot;:&quot;LEGO Marvel Super Heroes Avengers Sanctum Sanctorum Showdown 76108&quot;,&quot;msrp&quot;:99.99,&quot;salePrice&quot;:99.96,&quot;upc&quot;:&quot;673419281782&quot;,&quot;categoryPath&quot;:&quot;Toys/Building Sets &amp; Blocks/Building Sets&quot;,&quot;shortDescription&quot;:&quot;Stage a LEGO&amp;reg; Marvel Super Heroes 76108 Sanctum Sanctorum Showdown between Iron Spider-Man, Iron Man and Doctor Strange and the super villains. This all-action set features a foldable, 3-level New York City building including Doctor Strange&amp;rsquo;s Sanctum Sanctorum, with an exploding wall function and hidden Infinity Stone element, plus a pizzeria and Peter Parker&amp;rsquo;s apartment, both with exploding window functions. The rooftop has a minifigure-launch function and a water tower with minifigure-winch function for Iron Spider-Man. This superhero toy also includes a detachable street corner scene, plus 4 minifigures and a big figure with weapons and 20 Power Burst elements.&quot;,&quot;longDescription&quot;:&quot;&amp;lt;ul&amp;gt;&amp;lt;li&amp;gt;Includes 4 minifigures: Iron Spider-Man, Iron Man, Doctor Strange and Ebony Maw, plus a Cull Obsidian big figure.&amp;lt;/li&amp;gt;&amp;lt;li&amp;gt;This set features a 3-level New York City building including the Sanctum Sanctorum, pizzeria, Peter Parker&amp;rsquo;s apartment, 2 fire escapes, rooftop water tower, plus a detachable street corner scene.&amp;lt;/li&amp;gt;&amp;lt;li&amp;gt;Fold the building in or out and attach the street corner in different places for alternative formations.&amp;lt;/li&amp;gt;&amp;lt;li&amp;gt;Sanctum Sanctorum features an entrance hall with an opening door, weapon rack with an axe and sword, and an armchair; library with an exploding wall function, hidden Infinity Stone element and stand, bookshelves, opening chest with 2 daggers inside and weapon rack with a staff and spear; and Doctor Strange&amp;rsquo;s top-floor office with a new-for-March-2018 decorated Sanctum Sanctorum window, desk, bookshelves and buildable candlestick.&amp;lt;/li&amp;gt;&amp;lt;li&amp;gt;Explode the wall to reveal the Infinity Stone.&amp;lt;/li&amp;gt;&amp;lt;li&amp;gt;Peter Parker&amp;rsquo;s apartment features an office with a desk and assorted elements including a computer, lamp and boxes, and a bedroom with a trapdoor function, exploding window function, bed and pizza element.&amp;lt;/li&amp;gt;&amp;lt;li&amp;gt;Explode the window to reveal the spider web on the building wall.&amp;lt;/li&amp;gt;&amp;lt;li&amp;gt;Pizzeria features an opening door, exploding window function, pizza oven, buildable shawarma and assorted elements including a pizza, pizza peel and fire extinguisher.&amp;lt;/li&amp;gt;&amp;lt;li&amp;gt;Rooftop features a minifigure-launch function and water tower with winch function to send Iron Spider-Man in and out of battle on a &amp;lsquo;spider web string&amp;rsquo;.&amp;lt;/li&amp;gt;&amp;lt;li&amp;gt;Street corner features a newspaper stand with newspaper elements, trash can and assorted elements including a spider web with Iron Spider-Man&amp;rsquo;s cell phone and a pizza slice.&amp;lt;/li&amp;gt;&amp;lt;li&amp;gt;The new-for-March-2018 Cull Obsidian big figure comes with 2 buildable hammers.&amp;lt;/li&amp;gt;&amp;lt;li&amp;gt;Weapons include Iron Spider-Man&amp;rsquo;s Power Blast and Ebony Maw&amp;rsquo;s Power Blast.&amp;lt;/li&amp;gt;&amp;lt;li&amp;gt;Iron Spider-Man comes with a backplate with 4 leg elements.&amp;lt;/li&amp;gt;&amp;lt;li&amp;gt;Also includes 10 assorted translucent-blue and 10 assorted translucent-orange Power Burst elements to customize your builds and minifigures.&amp;lt;/li&amp;gt;&amp;lt;li&amp;gt;The Iron Man, Iron Spider-Man and Ebony Maw minifigures are new for March 2018.&amp;lt;/li&amp;gt;&amp;lt;li&amp;gt;Recreate thrilling scenes from the Marvel Super Heroes Avengers: Infinity War movie.&amp;lt;/li&amp;gt;&amp;lt;li&amp;gt;Measures over 11&amp;rdquo; (30cm) high, 7&amp;rdquo; (20cm) wide and 8&amp;rdquo; (21cm) deep.&amp;lt;/li&amp;gt;&amp;lt;/ul&amp;gt;&quot;,&quot;brandName&quot;:&quot;LEGO&quot;,&quot;thumbnailImage&quot;:&quot;https://i5.walmartimages.com/asr/9d48e18b-fcf1-4df8-b701-86ab019a2584_1.22d396d1d1bb46343a583272aa78ebc6.jpeg?odnHeight=100&amp;odnWidth=100&amp;odnBg=FFFFFF&quot;,&quot;mediumImage&quot;:&quot;https://i5.walmartimages.com/asr/9d48e18b-fcf1-4df8-b701-86ab019a2584_1.22d396d1d1bb46343a583272aa78ebc6.jpeg?odnHeight=180&amp;odnWidth=180&amp;odnBg=FFFFFF&quot;,&quot;largeImage&quot;:&quot;https://i5.walmartimages.com/asr/9d48e18b-fcf1-4df8-b701-86ab019a2584_1.22d396d1d1bb46343a583272aa78ebc6.jpeg?odnHeight=450&amp;odnWidth=450&amp;odnBg=FFFFFF&quot;,&quot;productTrackingUrl&quot;:&quot;http://linksynergy.walmart.com/fs-bin/click?id=|LSNID|&amp;offerid=223073.7200&amp;type=14&amp;catid=8&amp;subid=0&amp;hid=7200&amp;tmpid=1082&amp;RD_PARM1=https%253A%252F%252Fwww.walmart.com%252Fip%252FLEGO-Marvel-Super-Heroes-Avengers-Sanctum-Sanctorum-Showdown-76108%252F657136655%253Faffp1%253DH-JVMzorBRQOTBioe9MKJOGSfQyvSqNadbq6TI8wrRc%2526affilsrc%253Dapi&quot;,&quot;ninetySevenCentShipping&quot;:false,&quot;standardShipRate&quot;:0.0,&quot;size&quot;:&quot;N&quot;,&quot;color&quot;:&quot;N&quot;,&quot;marketplace&quot;:false,&quot;shipToStore&quot;:true,&quot;freeShipToStore&quot;:true,&quot;modelNumber&quot;:&quot;76108&quot;,&quot;productUrl&quot;:&quot;http://c.affil.walmart.com/t/api01?l=https%3A%2F%2Fwww.walmart.com%2Fip%2FLEGO-Marvel-Super-Heroes-Avengers-Sanctum-Sanctorum-Showdown-76108%2F657136655%3Faffp1%3DH-JVMzorBRQOTBioe9MKJOGSfQyvSqNadbq6TI8wrRc%26affilsrc%3Dapi%26veh%3Daff%26wmlspartner%3Dreadonlyapi&quot;,&quot;customerRating&quot;:&quot;5.0&quot;,&quot;numReviews&quot;:8,&quot;customerRatingImage&quot;:&quot;http://i2.walmartimages.com/i/CustRating/5.gif&quot;,&quot;categoryNode&quot;:&quot;4171_4186_1044000&quot;,&quot;bundle&quot;:false,&quot;clearance&quot;:false,&quot;preOrder&quot;:false,&quot;stock&quot;:&quot;Available&quot;,&quot;attributes&quot;:{&quot;fuelRestriction&quot;:&quot;N&quot;,&quot;isPvtLabelUnbranded&quot;:&quot;0&quot;,&quot;replenType&quot;:&quot;sims&quot;},&quot;gender&quot;:&quot;Unisex&quot;,&quot;age&quot;:&quot;8 to 14 years&quot;,&quot;addToCartUrl&quot;:&quot;http://c.affil.walmart.com/t/api01?l=http%3A%2F%2Faffil.walmart.com%2Fcart%2FaddToCart%3Fitems%3D657136655%7C1%26affp1%3DH-JVMzorBRQOTBioe9MKJOGSfQyvSqNadbq6TI8wrRc%26affilsrc%3Dapi%26veh%3Daff%26wmlspartner%3Dreadonlyapi&quot;,&quot;affiliateAddToCartUrl&quot;:&quot;http://linksynergy.walmart.com/fs-bin/click?id=|LSNID|&amp;offerid=223073.7200&amp;type=14&amp;catid=8&amp;subid=0&amp;hid=7200&amp;tmpid=1082&amp;RD_PARM1=http%253A%252F%252Faffil.walmart.com%252Fcart%252FaddToCart%253Fitems%253D657136655%257C1%2526affp1%253DH-JVMzorBRQOTBioe9MKJOGSfQyvSqNadbq6TI8wrRc%2526affilsrc%253Dapi&quot;,&quot;freeShippingOver50Dollars&quot;:true,&quot;giftOptions&quot;:{&quot;allowGiftWrap&quot;:false,&quot;allowGiftMessage&quot;:false,&quot;allowGiftReceipt&quot;:false},&quot;imageEntities&quot;:[{&quot;thumbnailImage&quot;:&quot;https://i5.walmartimages.com/asr/728f6ab8-a859-4ac2-a20d-1e9973614db9_1.b0047f445190f24c5c309ed8fefcc10c.jpeg?odnHeight=100&amp;odnWidth=100&amp;odnBg=FFFFFF&quot;,&quot;mediumImage&quot;:&quot;https://i5.walmartimages.com/asr/728f6ab8-a859-4ac2-a20d-1e9973614db9_1.b0047f445190f24c5c309ed8fefcc10c.jpeg?odnHeight=180&amp;odnWidth=180&amp;odnBg=FFFFFF&quot;,&quot;largeImage&quot;:&quot;https://i5.walmartimages.com/asr/728f6ab8-a859-4ac2-a20d-1e9973614db9_1.b0047f445190f24c5c309ed8fefcc10c.jpeg?odnHeight=450&amp;odnWidth=450&amp;odnBg=FFFFFF&quot;,&quot;entityType&quot;:&quot;SECONDARY&quot;},{&quot;thumbnailImage&quot;:&quot;https://i5.walmartimages.com/asr/6cb8a481-7a3e-41e1-b698-ba1c1a1df3c7_1.bcf1482cacb9b3845b40e13d8ab9068b.jpeg?odnHeight=100&amp;odnWidth=100&amp;odnBg=FFFFFF&quot;,&quot;mediumImage&quot;:&quot;https://i5.walmartimages.com/asr/6cb8a481-7a3e-41e1-b698-ba1c1a1df3c7_1.bcf1482cacb9b3845b40e13d8ab9068b.jpeg?odnHeight=180&amp;odnWidth=180&amp;odnBg=FFFFFF&quot;,&quot;largeImage&quot;:&quot;https://i5.walmartimages.com/asr/6cb8a481-7a3e-41e1-b698-ba1c1a1df3c7_1.bcf1482cacb9b3845b40e13d8ab9068b.jpeg?odnHeight=450&amp;odnWidth=450&amp;odnBg=FFFFFF&quot;,&quot;entityType&quot;:&quot;SECONDARY&quot;},{&quot;thumbnailImage&quot;:&quot;https://i5.walmartimages.com/asr/15113cd0-66b0-49af-8139-68b31138fa13_8.7b41e5984fbb8ad91c789297b4e14206.jpeg?odnHeight=100&amp;odnWidth=100&amp;odnBg=FFFFFF&quot;,&quot;mediumImage&quot;:&quot;https://i5.walmartimages.com/asr/15113cd0-66b0-49af-8139-68b31138fa13_8.7b41e5984fbb8ad91c789297b4e14206.jpeg?odnHeight=180&amp;odnWidth=180&amp;odnBg=FFFFFF&quot;,&quot;largeImage&quot;:&quot;https://i5.walmartimages.com/asr/15113cd0-66b0-49af-8139-68b31138fa13_8.7b41e5984fbb8ad91c789297b4e14206.jpeg?odnHeight=450&amp;odnWidth=450&amp;odnBg=FFFFFF&quot;,&quot;entityType&quot;:&quot;SECONDARY&quot;},{&quot;thumbnailImage&quot;:&quot;https://i5.walmartimages.com/asr/d68c5d1e-28aa-4fbd-ad88-a19fae4910e8_1.58053aa56235b69ea5e64449725a9f30.jpeg?odnHeight=100&amp;odnWidth=100&amp;odnBg=FFFFFF&quot;,&quot;mediumImage&quot;:&quot;https://i5.walmartimages.com/asr/d68c5d1e-28aa-4fbd-ad88-a19fae4910e8_1.58053aa56235b69ea5e64449725a9f30.jpeg?odnHeight=180&amp;odnWidth=180&amp;odnBg=FFFFFF&quot;,&quot;largeImage&quot;:&quot;https://i5.walmartimages.com/asr/d68c5d1e-28aa-4fbd-ad88-a19fae4910e8_1.58053aa56235b69ea5e64449725a9f30.jpeg?odnHeight=450&amp;odnWidth=450&amp;odnBg=FFFFFF&quot;,&quot;entityType&quot;:&quot;SECONDARY&quot;},{&quot;thumbnailImage&quot;:&quot;https://i5.walmartimages.com/asr/d00ca30f-f52f-4f18-8bd9-21e0fe2fc1f1_1.fe816fa622e815087eb89951bd3b1aa7.jpeg?odnHeight=100&amp;odnWidth=100&amp;odnBg=FFFFFF&quot;,&quot;mediumImage&quot;:&quot;https://i5.walmartimages.com/asr/d00ca30f-f52f-4f18-8bd9-21e0fe2fc1f1_1.fe816fa622e815087eb89951bd3b1aa7.jpeg?odnHeight=180&amp;odnWidth=180&amp;odnBg=FFFFFF&quot;,&quot;largeImage&quot;:&quot;https://i5.walmartimages.com/asr/d00ca30f-f52f-4f18-8bd9-21e0fe2fc1f1_1.fe816fa622e815087eb89951bd3b1aa7.jpeg?odnHeight=450&amp;odnWidth=450&amp;odnBg=FFFFFF&quot;,&quot;entityType&quot;:&quot;SECONDARY&quot;},{&quot;thumbnailImage&quot;:&quot;https://i5.walmartimages.com/asr/9d48e18b-fcf1-4df8-b701-86ab019a2584_1.22d396d1d1bb46343a583272aa78ebc6.jpeg?odnHeight=100&amp;odnWidth=100&amp;odnBg=FFFFFF&quot;,&quot;mediumImage&quot;:&quot;https://i5.walmartimages.com/asr/9d48e18b-fcf1-4df8-b701-86ab019a2584_1.22d396d1d1bb46343a583272aa78ebc6.jpeg?odnHeight=180&amp;odnWidth=180&amp;odnBg=FFFFFF&quot;,&quot;largeImage&quot;:&quot;https://i5.walmartimages.com/asr/9d48e18b-fcf1-4df8-b701-86ab019a2584_1.22d396d1d1bb46343a583272aa78ebc6.jpeg?odnHeight=450&amp;odnWidth=450&amp;odnBg=FFFFFF&quot;,&quot;entityType&quot;:&quot;PRIMARY&quot;}],&quot;offerType&quot;:&quot;ONLINE_AND_STORE&quot;,&quot;isTwoDayShippingEligible&quot;:true,&quot;availableOnline&quot;:true},{&quot;itemId&quot;:160314105,&quot;parentItemId&quot;:160314105,&quot;name&quot;:&quot;Urbini Reversi Stroller Special Edition, Blueberry Fizz&quot;,&quot;salePrice&quot;:79.99,&quot;upc&quot;:&quot;840009151125&quot;,&quot;categoryPath&quot;:&quot;Baby/Strollers/Urbini Strollers&quot;,&quot;shortDescription&quot;:&quot;short description is not available&quot;,&quot;brandName&quot;:&quot;Urbini&quot;,&quot;thumbnailImage&quot;:&quot;https://i5.walmartimages.com/asr/5b98a8ab-2ba2-403a-a367-1eefd64adf64_1.af4c16cc92dd90b490bedf1cfdc7a2a4.jpeg?odnHeight=100&amp;odnWidth=100&amp;odnBg=FFFFFF&quot;,&quot;mediumImage&quot;:&quot;https://i5.walmartimages.com/asr/5b98a8ab-2ba2-403a-a367-1eefd64adf64_1.af4c16cc92dd90b490bedf1cfdc7a2a4.jpeg?odnHeight=180&amp;odnWidth=180&amp;odnBg=FFFFFF&quot;,&quot;largeImage&quot;:&quot;https://i5.walmartimages.com/asr/5b98a8ab-2ba2-403a-a367-1eefd64adf64_1.af4c16cc92dd90b490bedf1cfdc7a2a4.jpeg?odnHeight=450&amp;odnWidth=450&amp;odnBg=FFFFFF&quot;,&quot;productTrackingUrl&quot;:&quot;http://linksynergy.walmart.com/fs-bin/click?id=|LSNID|&amp;offerid=223073.7200&amp;type=14&amp;catid=8&amp;subid=0&amp;hid=7200&amp;tmpid=1082&amp;RD_PARM1=https%253A%252F%252Fwww.walmart.com%252Fip%252FUrbini-Reversi-Stroller-Special-Edition-Blueberry-Fizz%252F160314105%253Faffp1%253DH-JVMzorBRQOTBioe9MKJOGSfQyvSqNadbq6TI8wrRc%2526affilsrc%253Dapi&quot;,&quot;ninetySevenCentShipping&quot;:false,&quot;standardShipRate&quot;:0.0,&quot;size&quot;:&quot;2017-01-31 00:00:00.000000-07:00&quot;,&quot;color&quot;:&quot;RedBlue&quot;,&quot;marketplace&quot;:false,&quot;shipToStore&quot;:true,&quot;freeShipToStore&quot;:true,&quot;modelNumber&quot;:&quot;10EB2Y-BWMU&quot;,&quot;productUrl&quot;:&quot;http://c.affil.walmart.com/t/api01?l=https%3A%2F%2Fwww.walmart.com%2Fip%2FUrbini-Reversi-Stroller-Special-Edition-Blueberry-Fizz%2F160314105%3Faffp1%3DH-JVMzorBRQOTBioe9MKJOGSfQyvSqNadbq6TI8wrRc%26affilsrc%3Dapi%26veh%3Daff%26wmlspartner%3Dreadonlyapi&quot;,&quot;categoryNode&quot;:&quot;5427_118134_6863268&quot;,&quot;bundle&quot;:false,&quot;clearance&quot;:false,&quot;preOrder&quot;:false,&quot;stock&quot;:&quot;Available&quot;,&quot;attributes&quot;:{&quot;color&quot;:&quot;Red&quot;,&quot;finerCateg&quot;:&quot;Strollers&quot;,&quot;replenishmentStartDate&quot;:&quot;2017-01-31 00:00:00.000000-07:00&quot;},&quot;addToCartUrl&quot;:&quot;http://c.affil.walmart.com/t/api01?l=http%3A%2F%2Faffil.walmart.com%2Fcart%2FaddToCart%3Fitems%3D160314105%7C1%26affp1%3DH-JVMzorBRQOTBioe9MKJOGSfQyvSqNadbq6TI8wrRc%26affilsrc%3Dapi%26veh%3Daff%26wmlspartner%3Dreadonlyapi&quot;,&quot;affiliateAddToCartUrl&quot;:&quot;http://linksynergy.walmart.com/fs-bin/click?id=|LSNID|&amp;offerid=223073.7200&amp;type=14&amp;catid=8&amp;subid=0&amp;hid=7200&amp;tmpid=1082&amp;RD_PARM1=http%253A%252F%252Faffil.walmart.com%252Fcart%252FaddToCart%253Fitems%253D160314105%257C1%2526affp1%253DH-JVMzorBRQOTBioe9MKJOGSfQyvSqNadbq6TI8wrRc%2526affilsrc%253Dapi&quot;,&quot;freeShippingOver50Dollars&quot;:true,&quot;giftOptions&quot;:{&quot;allowGiftWrap&quot;:false,&quot;allowGiftMessage&quot;:false,&quot;allowGiftReceipt&quot;:false},&quot;imageEntities&quot;:[{&quot;thumbnailImage&quot;:&quot;https://i5.walmartimages.com/asr/45c5e946-eeb4-4b3d-abc8-f186f7c9630b_2.08ce7214c12e6afb2bf2dc2a5e98e3fa.jpeg?odnHeight=100&amp;odnWidth=100&amp;odnBg=FFFFFF&quot;,&quot;mediumImage&quot;:&quot;https://i5.walmartimages.com/asr/45c5e946-eeb4-4b3d-abc8-f186f7c9630b_2.08ce7214c12e6afb2bf2dc2a5e98e3fa.jpeg?odnHeight=180&amp;odnWidth=180&amp;odnBg=FFFFFF&quot;,&quot;largeImage&quot;:&quot;https://i5.walmartimages.com/asr/45c5e946-eeb4-4b3d-abc8-f186f7c9630b_2.08ce7214c12e6afb2bf2dc2a5e98e3fa.jpeg?odnHeight=450&amp;odnWidth=450&amp;odnBg=FFFFFF&quot;,&quot;entityType&quot;:&quot;SECONDARY&quot;},{&quot;thumbnailImage&quot;:&quot;https://i5.walmartimages.com/asr/475b3811-5fa9-497e-b289-85a70da93ddc_1.84cc0c44326cce332d4cc2bd0d2b89af.jpeg?odnHeight=100&amp;odnWidth=100&amp;odnBg=FFFFFF&quot;,&quot;mediumImage&quot;:&quot;https://i5.walmartimages.com/asr/475b3811-5fa9-497e-b289-85a70da93ddc_1.84cc0c44326cce332d4cc2bd0d2b89af.jpeg?odnHeight=180&amp;odnWidth=180&amp;odnBg=FFFFFF&quot;,&quot;largeImage&quot;:&quot;https://i5.walmartimages.com/asr/475b3811-5fa9-497e-b289-85a70da93ddc_1.84cc0c44326cce332d4cc2bd0d2b89af.jpeg?odnHeight=450&amp;odnWidth=450&amp;odnBg=FFFFFF&quot;,&quot;entityType&quot;:&quot;SECONDARY&quot;},{&quot;thumbnailImage&quot;:&quot;https://i5.walmartimages.com/asr/8388c8fa-96bb-4479-9746-90d522d6ef5a_1.c473a5edd1955f0eb2c1f84097829814.jpeg?odnHeight=100&amp;odnWidth=100&amp;odnBg=FFFFFF&quot;,&quot;mediumImage&quot;:&quot;https://i5.walmartimages.com/asr/8388c8fa-96bb-4479-9746-90d522d6ef5a_1.c473a5edd1955f0eb2c1f84097829814.jpeg?odnHeight=180&amp;odnWidth=180&amp;odnBg=FFFFFF&quot;,&quot;largeImage&quot;:&quot;https://i5.walmartimages.com/asr/8388c8fa-96bb-4479-9746-90d522d6ef5a_1.c473a5edd1955f0eb2c1f84097829814.jpeg?odnHeight=450&amp;odnWidth=450&amp;odnBg=FFFFFF&quot;,&quot;entityType&quot;:&quot;SECONDARY&quot;},{&quot;thumbnailImage&quot;:&quot;https://i5.walmartimages.com/asr/e576531c-4c5b-4f33-bcc4-c85f48b6aaa0_1.6ad93433c503cae6a3aece98558fc30b.jpeg?odnHeight=100&amp;odnWidth=100&amp;odnBg=FFFFFF&quot;,&quot;mediumImage&quot;:&quot;https://i5.walmartimages.com/asr/e576531c-4c5b-4f33-bcc4-c85f48b6aaa0_1.6ad93433c503cae6a3aece98558fc30b.jpeg?odnHeight=180&amp;odnWidth=180&amp;odnBg=FFFFFF&quot;,&quot;largeImage&quot;:&quot;https://i5.walmartimages.com/asr/e576531c-4c5b-4f33-bcc4-c85f48b6aaa0_1.6ad93433c503cae6a3aece98558fc30b.jpeg?odnHeight=450&amp;odnWidth=450&amp;odnBg=FFFFFF&quot;,&quot;entityType&quot;:&quot;SECONDARY&quot;},{&quot;thumbnailImage&quot;:&quot;https://i5.walmartimages.com/asr/923a110a-4b57-4dff-83bf-3930cc483e81_1.75a833990f1adf7a5d111f6d5d72ee5d.jpeg?odnHeight=100&amp;odnWidth=100&amp;odnBg=FFFFFF&quot;,&quot;mediumImage&quot;:&quot;https://i5.walmartimages.com/asr/923a110a-4b57-4dff-83bf-3930cc483e81_1.75a833990f1adf7a5d111f6d5d72ee5d.jpeg?odnHeight=180&amp;odnWidth=180&amp;odnBg=FFFFFF&quot;,&quot;largeImage&quot;:&quot;https://i5.walmartimages.com/asr/923a110a-4b57-4dff-83bf-3930cc483e81_1.75a833990f1adf7a5d111f6d5d72ee5d.jpeg?odnHeight=450&amp;odnWidth=450&amp;odnBg=FFFFFF&quot;,&quot;entityType&quot;:&quot;SECONDARY&quot;},{&quot;thumbnailImage&quot;:&quot;https://i5.walmartimages.com/asr/29597a50-7029-4d5a-be9a-b308a8eec164_1.b920a77724c5ed74b741b6e0bbbe8137.jpeg?odnHeight=100&amp;odnWidth=100&amp;odnBg=FFFFFF&quot;,&quot;mediumImage&quot;:&quot;https://i5.walmartimages.com/asr/29597a50-7029-4d5a-be9a-b308a8eec164_1.b920a77724c5ed74b741b6e0bbbe8137.jpeg?odnHeight=180&amp;odnWidth=180&amp;odnBg=FFFFFF&quot;,&quot;largeImage&quot;:&quot;https://i5.walmartimages.com/asr/29597a50-7029-4d5a-be9a-b308a8eec164_1.b920a77724c5ed74b741b6e0bbbe8137.jpeg?odnHeight=450&amp;odnWidth=450&amp;odnBg=FFFFFF&quot;,&quot;entityType&quot;:&quot;SECONDARY&quot;},{&quot;thumbnailImage&quot;:&quot;https://i5.walmartimages.com/asr/c0de6c40-2f9e-44f6-b15f-e90dcebb8b12_1.df69f5234a68aa4a36bf69529eba5247.jpeg?odnHeight=100&amp;odnWidth=100&amp;odnBg=FFFFFF&quot;,&quot;mediumImage&quot;:&quot;https://i5.walmartimages.com/asr/c0de6c40-2f9e-44f6-b15f-e90dcebb8b12_1.df69f5234a68aa4a36bf69529eba5247.jpeg?odnHeight=180&amp;odnWidth=180&amp;odnBg=FFFFFF&quot;,&quot;largeImage&quot;:&quot;https://i5.walmartimages.com/asr/c0de6c40-2f9e-44f6-b15f-e90dcebb8b12_1.df69f5234a68aa4a36bf69529eba5247.jpeg?odnHeight=450&amp;odnWidth=450&amp;odnBg=FFFFFF&quot;,&quot;entityType&quot;:&quot;SECONDARY&quot;},{&quot;thumbnailImage&quot;:&quot;https://i5.walmartimages.com/asr/e758a16f-9f6b-4e30-abfc-4f9e6c5ff13c_1.a0c1105df2aab7ebceb0e630b907ea0d.jpeg?odnHeight=100&amp;odnWidth=100&amp;odnBg=FFFFFF&quot;,&quot;mediumImage&quot;:&quot;https://i5.walmartimages.com/asr/e758a16f-9f6b-4e30-abfc-4f9e6c5ff13c_1.a0c1105df2aab7ebceb0e630b907ea0d.jpeg?odnHeight=180&amp;odnWidth=180&amp;odnBg=FFFFFF&quot;,&quot;largeImage&quot;:&quot;https://i5.walmartimages.com/asr/e758a16f-9f6b-4e30-abfc-4f9e6c5ff13c_1.a0c1105df2aab7ebceb0e630b907ea0d.jpeg?odnHeight=450&amp;odnWidth=450&amp;odnBg=FFFFFF&quot;,&quot;entityType&quot;:&quot;SECONDARY&quot;},{&quot;thumbnailImage&quot;:&quot;https://i5.walmartimages.com/asr/66489c78-7b76-4c25-9b5b-d45bd1a809f9_2.c5ed99102fe461eda5c376a1c0203571.jpeg?odnHeight=100&amp;odnWidth=100&amp;odnBg=FFFFFF&quot;,&quot;mediumImage&quot;:&quot;https://i5.walmartimages.com/asr/66489c78-7b76-4c25-9b5b-d45bd1a809f9_2.c5ed99102fe461eda5c376a1c0203571.jpeg?odnHeight=180&amp;odnWidth=180&amp;odnBg=FFFFFF&quot;,&quot;largeImage&quot;:&quot;https://i5.walmartimages.com/asr/66489c78-7b76-4c25-9b5b-d45bd1a809f9_2.c5ed99102fe461eda5c376a1c0203571.jpeg?odnHeight=450&amp;odnWidth=450&amp;odnBg=FFFFFF&quot;,&quot;entityType&quot;:&quot;SECONDARY&quot;},{&quot;thumbnailImage&quot;:&quot;https://i5.walmartimages.com/asr/8bb9ef2d-f68e-46a3-bb84-a8e3580d9ac7_1.0ce528c3243fc296284f89ca09503059.jpeg?odnHeight=100&amp;odnWidth=100&amp;odnBg=FFFFFF&quot;,&quot;mediumImage&quot;:&quot;https://i5.walmartimages.com/asr/8bb9ef2d-f68e-46a3-bb84-a8e3580d9ac7_1.0ce528c3243fc296284f89ca09503059.jpeg?odnHeight=180&amp;odnWidth=180&amp;odnBg=FFFFFF&quot;,&quot;largeImage&quot;:&quot;https://i5.walmartimages.com/asr/8bb9ef2d-f68e-46a3-bb84-a8e3580d9ac7_1.0ce528c3243fc296284f89ca09503059.jpeg?odnHeight=450&amp;odnWidth=450&amp;odnBg=FFFFFF&quot;,&quot;entityType&quot;:&quot;SECONDARY&quot;},{&quot;thumbnailImage&quot;:&quot;https://i5.walmartimages.com/asr/0bbfdde3-5008-4bf8-aa1e-52fd3acac738_1.bc48c21c15c580bec88daf10d5e0a8a8.jpeg?odnHeight=100&amp;odnWidth=100&amp;odnBg=FFFFFF&quot;,&quot;mediumImage&quot;:&quot;https://i5.walmartimages.com/asr/0bbfdde3-5008-4bf8-aa1e-52fd3acac738_1.bc48c21c15c580bec88daf10d5e0a8a8.jpeg?odnHeight=180&amp;odnWidth=180&amp;odnBg=FFFFFF&quot;,&quot;largeImage&quot;:&quot;https://i5.walmartimages.com/asr/0bbfdde3-5008-4bf8-aa1e-52fd3acac738_1.bc48c21c15c580bec88daf10d5e0a8a8.jpeg?odnHeight=450&amp;odnWidth=450&amp;odnBg=FFFFFF&quot;,&quot;entityType&quot;:&quot;SECONDARY&quot;},{&quot;thumbnailImage&quot;:&quot;https://i5.walmartimages.com/asr/5b98a8ab-2ba2-403a-a367-1eefd64adf64_1.af4c16cc92dd90b490bedf1cfdc7a2a4.jpeg?odnHeight=100&amp;odnWidth=100&amp;odnBg=FFFFFF&quot;,&quot;mediumImage&quot;:&quot;https://i5.walmartimages.com/asr/5b98a8ab-2ba2-403a-a367-1eefd64adf64_1.af4c16cc92dd90b490bedf1cfdc7a2a4.jpeg?odnHeight=180&amp;odnWidth=180&amp;odnBg=FFFFFF&quot;,&quot;largeImage&quot;:&quot;https://i5.walmartimages.com/asr/5b98a8ab-2ba2-403a-a367-1eefd64adf64_1.af4c16cc92dd90b490bedf1cfdc7a2a4.jpeg?odnHeight=450&amp;odnWidth=450&amp;odnBg=FFFFFF&quot;,&quot;entityType&quot;:&quot;PRIMARY&quot;}],&quot;offerType&quot;:&quot;ONLINE_AND_STORE&quot;,&quot;isTwoDayShippingEligible&quot;:true,&quot;availableOnline&quot;:true},{&quot;itemId&quot;:55463505,&quot;parentItemId&quot;:55463505,&quot;name&quot;:&quot;Radio Flyer Classic Dual-Deck Tricycle&quot;,&quot;salePrice&quot;:49.88,&quot;upc&quot;:&quot;042385112794&quot;,&quot;categoryPath&quot;:&quot;Toys/Kids&#039; Bikes &amp; Riding Toys/Kids Bikes/Kids&#039; Tricycles&quot;,&quot;shortDescription&quot;:&quot;The Radio Flyer Classic Dual Deck Tricycle is The One You Loved as a Kid! This sturdy trike features steel construction, spoked wheels, a 12&amp;rdquo; front wheel and real rubber tires for durability. The controlled turning radius prevents tipping for safe and confident riding. This bright tricycle is classically styled and includes chrome handlebars and fender. Your child will also love the streamers and ringing bell, and the double-deck rear step makes climbing on and off easy. The adjustable seat grows with your child. For ages 2 &amp;frac12;-5 years.&quot;,&quot;longDescription&quot;:&quot;&amp;lt;br&amp;gt;&amp;lt;b&amp;gt;Radio Flyer Classic Dual-Deck Tricycle:&amp;lt;/b&amp;gt;&amp;lt;br&amp;gt;&amp;lt;ul style=&amp;quot;&amp;quot;&amp;gt;&amp;lt;li style=&amp;quot;&amp;quot;&amp;gt;Steel frame, &amp;lt;span style=&amp;quot;text-indent: -0.19in; font-size: 11pt; font-family:&amp;quot; century=&amp;quot;&amp;quot; color:=&amp;quot;&amp;quot;&amp;gt;spoked&amp;lt;/span&amp;gt; &amp;lt;span style=&amp;quot;text-indent: -0.19in; font-size: 11pt; font-family:&amp;quot; century=&amp;quot;&amp;quot; color:=&amp;quot;&amp;quot;&amp;gt;wheels,&amp;lt;/span&amp;gt; &amp;lt;span style=&amp;quot;text-indent: -0.19in; font-size: 11pt; font-family:&amp;quot; century=&amp;quot;&amp;quot; color:=&amp;quot;&amp;quot;&amp;gt;and rubber tires for&amp;lt;/span&amp;gt; &amp;lt;span style=&amp;quot;text-indent: -0.19in; font-size: 11pt; font-family:&amp;quot; century=&amp;quot;&amp;quot; color:=&amp;quot;&amp;quot;&amp;gt;durability&amp;lt;/span&amp;gt;&amp;lt;br&amp;gt;&amp;lt;/li&amp;gt;&amp;lt;li style=&amp;quot;&amp;quot;&amp;gt;Controlled &amp;lt;span style=&amp;quot;text-indent: -0.19in; font-size: 11pt; font-family:&amp;quot; century=&amp;quot;&amp;quot; color:=&amp;quot;&amp;quot;&amp;gt;turning radius prevents&amp;lt;/span&amp;gt; &amp;lt;span style=&amp;quot;text-indent: -0.19in; font-size: 11pt; font-family:&amp;quot; century=&amp;quot;&amp;quot; color:=&amp;quot;&amp;quot;&amp;gt;tipping&amp;lt;/span&amp;gt;&amp;lt;br&amp;gt;&amp;lt;/li&amp;gt;&amp;lt;li style=&amp;quot;&amp;quot;&amp;gt;Classically &amp;lt;span style=&amp;quot;text-indent: -0.19in; font-size: 11pt; font-family:&amp;quot; century=&amp;quot;&amp;quot; color:=&amp;quot;&amp;quot;&amp;gt;styled with chrome handlebars&amp;lt;/span&amp;gt;&amp;lt;span style=&amp;quot;text-indent: -0.19in; font-size: 11pt; font-family:&amp;quot; century=&amp;quot;&amp;quot; color:=&amp;quot;&amp;quot;&amp;gt;, streamers&amp;lt;/span&amp;gt;&amp;lt;span style=&amp;quot;text-indent: -0.19in; font-size: 11pt; font-family:&amp;quot; centur
[...]
"https://i5.walmartimages.com/asr/76edfce8-1619-4327-b740-efa834044cb4_5.94195f4991054ce0e640c48ec063dd53.jpeg?odnHeight=450&odnWidth=450&odnBg=FFFFFF","entityType":"SECONDARY"},{"thumbnailImage":"https://i5.walmartimages.com/asr/a25b165b-ade7-4353-911f-0b09b65f5ace_2.0489d5ac836f2928405bc8a660ccd1b5.jpeg?odnHeight=100&odnWidth=100&odnBg=FFFFFF","mediumImage":"https://i5.walmartimages.com/asr/a25b165b-ade7-4353-911f-0b09b65f5ace_2.0489d5ac836f2928405bc8a660ccd1b5.jpeg?odnHeight=180&odnWidth=180&odnBg=FFFFFF","largeImage":"https://i5.walmartimages.com/asr/a25b165b-ade7-4353-911f-0b09b65f5ace_2.0489d5ac836f2928405bc8a660ccd1b5.jpeg?odnHeight=450&odnWidth=450&odnBg=FFFFFF","entityType":"SECONDARY"},{"thumbnailImage":"https://i5.walmartimages.com/asr/634cd539-443d-4bbc-ab09-9baa436f74a2_1.bd30f73748c0aba2efba8c1173ec2b84.jpeg?odnHeight=100&odnWidth=100&odnBg=FFFFFF","mediumImage":"https://i5.walmartimages.com/asr/634cd539-443d-4bbc-ab09-9baa436f74a2_1.bd30f73748c0aba2efba8c1173ec2b84.jpeg?odnHeight=180&odnWidth=180&odnBg=FFFFFF","largeImage":"https://i5.walmartimages.com/asr/634cd539-443d-4bbc-ab09-9baa436f74a2_1.bd30f73748c0aba2efba8c1173ec2b84.jpeg?odnHeight=450&odnWidth=450&odnBg=FFFFFF","entityType":"SECONDARY"},{"thumbnailImage":"https://i5.walmartimages.com/asr/00ea312f-3096-4250-9a7c-2b8537786fe1_1.cc01720be69aed531788df1adaac93bf.jpeg?odnHeight=100&odnWidth=100&odnBg=FFFFFF","mediumImage":"https://i5.walmartimages.com/asr/00ea312f-3096-4250-9a7c-2b8537786fe1_1.cc01720be69aed531788df1adaac93bf.jpeg?odnHeight=180&odnWidth=180&odnBg=FFFFFF","largeImage":"https://i5.walmartimages.com/asr/00ea312f-3096-4250-9a7c-2b8537786fe1_1.cc01720be69aed531788df1adaac93bf.jpeg?odnHeight=450&odnWidth=450&odnBg=FFFFFF","entityType":"SECONDARY"},{"thumbnailImage":"https://i5.walmartimages.com/asr/d2437531-25de-412d-9eaf-24bd1b69fef1_1.0a3342872ed986b7030f8583dc59d6e2.jpeg?odnHeight=100&odnWidth=100&odnBg=FFFFFF","mediumImage":"https://i5.walmartimages.com/asr/d2437531-25de-412d-9eaf-24bd1b69fef1_1.0a3342872ed986b7030f8583dc59d6e2.jpeg?odnHeight=180&odnWidth=180&odnBg=FFFFFF","largeImage":"https://i5.walmartimages.com/asr/d2437531-25de-412d-9eaf-24bd1b69fef1_1.0a3342872ed986b7030f8583dc59d6e2.jpeg?odnHeight=450&odnWidth=450&odnBg=FFFFFF","entityType":"SECONDARY"},{"thumbnailImage":"https://i5.walmartimages.com/asr/0bf731df-812e-4b21-bcff-cec1940ab2b4_1.a757d6cbee25ecc332a89fb98585c6a3.jpeg?odnHeight=100&odnWidth=100&odnBg=FFFFFF","mediumImage":"https://i5.walmartimages.com/asr/0bf731df-812e-4b21-bcff-cec1940ab2b4_1.a757d6cbee25ecc332a89fb98585c6a3.jpeg?odnHeight=180&odnWidth=180&odnBg=FFFFFF","largeImage":"https://i5.walmartimages.com/asr/0bf731df-812e-4b21-bcff-cec1940ab2b4_1.a757d6cbee25ecc332a89fb98585c6a3.jpeg?odnHeight=450&odnWidth=450&odnBg=FFFFFF","entityType":"SECONDARY"},{"thumbnailImage":"https://i5.walmartimages.com/asr/6fc1eaf4-7a44-4dd2-8d70-0861903e8534_1.72fff4ae1d6ea97c864454fd9d78bb2b.jpeg?odnHeight=100&odnWidth=100&odnBg=FFFFFF","mediumImage":"https://i5.walmartimages.com/asr/6fc1eaf4-7a44-4dd2-8d70-0861903e8534_1.72fff4ae1d6ea97c864454fd9d78bb2b.jpeg?odnHeight=180&odnWidth=180&odnBg=FFFFFF","largeImage":"https://i5.walmartimages.com/asr/6fc1eaf4-7a44-4dd2-8d70-0861903e8534_1.72fff4ae1d6ea97c864454fd9d78bb2b.jpeg?odnHeight=450&odnWidth=450&odnBg=FFFFFF","entityType":"SECONDARY"},{"thumbnailImage":"https://i5.walmartimages.com/asr/d346930f-01ea-496b-beb2-b5f7c01bd20a_2.028eb86e82f738819be6bd7f8462b02e.jpeg?odnHeight=100&odnWidth=100&odnBg=FFFFFF","mediumImage":"https://i5.walmartimages.com/asr/d346930f-01ea-496b-beb2-b5f7c01bd20a_2.028eb86e82f738819be6bd7f8462b02e.jpeg?odnHeight=180&odnWidth=180&odnBg=FFFFFF","largeImage":"https://i5.walmartimages.com/asr/d346930f-01ea-496b-beb2-b5f7c01bd20a_2.028eb86e82f738819be6bd7f8462b02e.jpeg?odnHeight=450&odnWidth=450&odnBg=FFFFFF","entityType":"SECONDARY"},{"thumbnailImage":"https://i5.walmartimages.com/asr/1b4cd78e-8694-4037-9c07-78a2f8798572_5.7c7b6f2e147af8ed1065b0d430c9b479.jpeg?odnHeight=100&odnWidth=100&odnBg=FFFFFF","mediumImage":"https://i5.walmartimages.com/asr/1b4cd78e-8694-4037-9c07-78a2f8798572_5.7c7b6f2e147af8ed1065b0d430c9b479.jpeg?odnHeight=180&odnWidth=180&odnBg=FFFFFF","largeImage":"https://i5.walmartimages.com/asr/1b4cd78e-8694-4037-9c07-78a2f8798572_5.7c7b6f2e147af8ed1065b0d430c9b479.jpeg?odnHeight=450&odnWidth=450&odnBg=FFFFFF","entityType":"PRIMARY"}],"offerType":"ONLINE_AND_STORE","isTwoDayShippingEligible":false,"availableOnline":true},{"itemId":55500567,"parentItemId":55500567,"name":"\"SAMSUNG 55\"\" Class Curved 4K (2160P) Ultra HD Smart LED TV (UN55MU8500FXZA)\"","msrp":1699.99,"salePrice":699.99,"upc":"887276201313","categoryPath":"Electronics/TV & Video/All TVs","shortDescription":"The Samsung MU8500 Curved 4K Ultra HDTV redefines the viewing experience that produces over a billion colors with 4K Color Drive Extreme and a High Dynamic Range (HDR) picture. Our new Smart TV user-interface (UI), the new Smart Remote Controller with voice navigation capability provides faster access to your favorite streaming content choices and more.","longDescription":"&lt;br&gt;&lt;b&gt;Samsung 55&quot; Class TV (UN55MU8500FXZA):&lt;/b&gt;&lt;br&gt;&lt;br&gt;&lt;b&gt;Key Features:&lt;/b&gt;&lt;ul&gt;&lt;li&gt;Screen Size (Diag.): 54.6&quot;&lt;/li&gt;&lt;li&gt;Backlight Type: LED&lt;/li&gt;&lt;li&gt;Resolution: 3840 x 2160p&lt;/li&gt;&lt;li&gt;Effective Refresh Rate: 120Hz&lt;/li&gt;&lt;li&gt;Smart Functionality: yes&lt;/li&gt;&lt;li&gt;Smart Platform: Smart HUB&lt;/li&gt;&lt;li&gt;Aspect Ratio: 16:9&lt;/li&gt;&lt;li&gt;Viewable Angle (H/V): 178 degrees/178 degrees&lt;/li&gt;&lt;li&gt;OSD Language: English, Spanish, French&lt;/li&gt;&lt;li&gt;Speakers/Power Output: 40W 2.1 channel&lt;/li&gt;&lt;li&gt;Sound System: Dolby Digital Plus and DTS Premium Sound&lt;/li&gt;&lt;/ul&gt;&lt;b&gt;Connectivity:&lt;/b&gt;&lt;ul&gt;&lt;li&gt;HDMI Inputs: 4&lt;/li&gt;&lt;li&gt;1 x RS-232C&lt;/li&gt;&lt;li&gt;USB Ports: 3&lt;/li&gt;&lt;li&gt;Built-in WiFi: yes&lt;/li&gt;&lt;/ul&gt;&lt;b&gt;What's In The Box:&lt;/b&gt;&lt;ul&gt;&lt;li&gt;Power cable&lt;/li&gt;&lt;li&gt;Smart Remote Control&lt;/li&gt;&lt;li&gt;One Connect Mini Box&lt;/li&gt;&lt;li&gt;Single Clean Cable&lt;/li&gt;&lt;/ul&gt;&lt;b&gt;Wall-mountable:&lt;/b&gt;&lt;ul&gt;&lt;li&gt;Mount Pattern: 400mm x 400mm&lt;/li&gt;&lt;li&gt;Screw Size: M6&lt;/li&gt;&lt;li&gt;Screw Length: 12mm&lt;/li&gt;&lt;/ul&gt;&lt;b&gt;Support and Warranty:&lt;/b&gt;&lt;ul&gt;&lt;li&gt;1 year warranty&lt;/li&gt;&lt;/ul&gt;&lt;br&gt;&lt;br&gt;Flat Screen TV stand sold separately. See all &lt;b&gt;&lt;a href=&quot;https://www.walmart.com/browse/tv-stands-entertainment-centers/tv-stands/4044_103150_635499_133114&quot;&gt;TV stands.&lt;/a&gt;&lt;/b&gt;&lt;br&gt;&lt;br&gt;Flat Screen TV mount sold separately. See all &lt;b&gt;&lt;a href=&quot;https://www.walmart.com/browse/tv-accessories/tv-mounts/3944_1060825_133270_581514&quot;&gt;TV mounts.&lt;/a&gt;&lt;/b&gt; &lt;br&gt;&lt;br&gt;TV audio equipment sold separately. See all &lt;b&gt;&lt;a href=&quot;https://www.walmart.com/browse/home-audio-theater/home-theater-systems/3944_77622_650659&quot;&gt;Home Theater Systems.&lt;/a&gt;&lt;/b&gt; &lt;br&gt;&lt;br&gt;HDMI cables sold separately. See all &lt;b&gt;&lt;a href=&quot;%20https://www.walmart.com/search/?query=hdmi%20cable&amp;cat_id=3944&quot; target=&quot;_blank&quot;&gt;HDMI Cables.&lt;/a&gt;&lt;/b&gt;&lt;br&gt;&lt;br&gt;Accessories sold separately. See all &lt;b&gt;&lt;a href=&quot;https://www.walmart.com/browse/electronics/tv-accessories/3944_1060825_133270&quot;&gt;Accessories.&lt;br&gt;&lt;/a&gt;&lt;/b&gt;","brandName":"Samsung","thumbnailImage":"https://i5.walmartimages.com/asr/3601bb62-d06e-4f10-9ce3-f463c52a8662_1.49cb61faaa3712de735801d77362deba.jpeg?odnHeight=100&odnWidth=100&odnBg=FFFFFF","mediumImage":"https://i5.walmartimages.com/asr/3601bb62-d06e-4f10-9ce3-f463c52a8662_1.49cb61faaa3712de735801d77362deba.jpeg?odnHeight=180&odnWidth=180&odnBg=FFFFFF","largeImage":"https://i5.walmartimages.com/asr/3601bb62-d06e-4f10-9ce3-f463c52a8662_1.49cb61faaa3712de735801d77362deba.jpeg?odnHeight=450&odnWidth=450&odnBg=FFFFFF","productTrackingUrl":"http://linksynergy.walmart.com/fs-bin/click?id=|LSNID|&offerid=223073.7200&type=14&catid=8&subid=0&hid=7200&tmpid=1082&RD_PARM1=https%253A%252F%252Fwww.walmart.com%252Fip%252FSAMSUNG-55-Class-Curved-4K-2160P-Ultra-HD-Smart-LED-TV-UN55MU8500FXZA%252F55500567%253Faffp1%253DH-JVMzorBRQOTBioe9MKJOGSfQyvSqNadbq6TI8wrRc%2526affilsrc%253Dapi","ninetySevenCentShipping":false,"standardShipRate":0.0,"size":"Y","color":"SilverBlack","shipToStore":true,"freeShipToStore":true,"modelNumber":"UN55MU8500FXZA","productUrl":"http://c.affil.walmart.com/t/api01?l=https%3A%2F%2Fwww.walmart.com%2Fip%2FSAMSUNG-55-Class-Curved-4K-2160P-Ultra-HD-Smart-LED-TV-UN55MU8500FXZA%2F55500567%3Faffp1%3DH-JVMzorBRQOTBioe9MKJOGSfQyvSqNadbq6TI8wrRc%26affilsrc%3Dapi%26veh%3Daff%26wmlspartner%3Dreadonlyapi","customerRating":"4.37","numReviews":27,"customerRatingImage":"http://i2.walmartimages.com/i/CustRating/4_4.gif","bestMarketplacePrice":{"sellerInfo":"Walts TV","standardShipRate":0.0,"availableOnline":true,"clearance":false,"offerType":"ONLINE_ONLY"},"categoryNode":"3944_1060825_447913","bundle":false,"clearance":false,"preOrder":false,"stock":"Available","attributes":{"color":"Silver","isOrderable":"Y","isReplenishable":"0"},"addToCartUrl":"http://c.affil.walmart.com/t/api01?l=http%3A%2F%2Faffil.walmart.com%2Fcart%2FaddToCart%3Fitems%3D55500567%7C1%26affp1%3DH-JVMzorBRQOTBioe9MKJOGSfQyvSqNadbq6TI8wrRc%26affilsrc%3Dapi%26veh%3Daff%26wmlspartner%3Dreadonlyapi","affiliateAddToCartUrl":"http://linksynergy.walmart.com/fs-bin/click?id=|LSNID|&offerid=223073.7200&type=14&catid=8&subid=0&hid=7200&tmpid=1082&RD_PARM1=http%253A%252F%252Faffil.walmart.com%252Fcart%252FaddToCart%253Fitems%253D55500567%257C1%2526affp1%253DH-JVMzorBRQOTBioe9MKJOGSfQyvSqNadbq6TI8wrRc%2526affilsrc%253Dapi","freeShippingOver50Dollars":true,"giftOptions":{"allowGiftWrap":false,"allowGiftMessage":false,"allowGiftReceipt":false},"imageEntities":[{"thumbnailImage":"https://i5.walmartimages.com/asr/8cddb81c-0ca2-4880-881f-a9c6ebeb3e51_1.0f6f49ee88b9de12057894318186df4d.jpeg?odnHeight=100&odnWidth=100&odnBg=FFFFFF","mediumImage":"https://i5.walmartimages.com/asr/8cddb81c-0ca2-4880-881f-a9c6ebeb3e51_1.0f6f49ee88b9de12057894318186df4d.jpeg?odnHeight=180&odnWidth=180&odnBg=FFFFFF","largeImage":"https://i5.walmartimages.com/asr/8cddb81c-0ca2-4880-881f-a9c6ebeb3e51_1.0f6f49ee88b9de12057894318186df4d.jpeg?odnHeight=450&odnWidth=450&odnBg=FFFFFF","entityType":"SECONDARY"},{"thumbnailImage":"https://i5.walmartimages.com/asr/95a37498-7e1d-4a29-a853-1a67df7dbd93_1.83ddb585b3939cef785894dad2b534a9.jpeg?odnHeight=100&odnWidth=100&odnBg=FFFFFF","mediumImage":"https://i5.walmartimages.com/asr/95a37498-7e1d-4a29-a853-1a67df7dbd93_1.83ddb585b3939cef785894dad2b534a9.jpeg?odnHeight=180&odnWidth=180&odnBg=FFFFFF","largeImage":"https://i5.walmartimages.com/asr/95a37498-7e1d-4a29-a853-1a67df7dbd93_1.83ddb585b3939cef785894dad2b534a9.jpeg?odnHeight=450&odnWidth=450&odnBg=FFFFFF","entityType":"SECONDARY"},{"thumbnailImage":"https://i5.walmartimages.com/asr/4b4c5eb6-0e8d-4545-8333-faacf141155d_1.76053f2f192c9e681636446e0915140f.jpeg?odnHeight=100&odnWidth=100&odnBg=FFFFFF","mediumImage":"https://i5.walmartimages.com/asr/4b4c5eb6-0e8d-4545-8333-faacf141155d_1.76053f2f192c9e681636446e0915140f.jpeg?odnHeight=180&odnWidth=180&odnBg=FFFFFF","largeImage":"https://i5.walmartimages.com/asr/4b4c5eb6-0e8d-4545-8333-faacf141155d_1.76053f2f192c9e681636446e0915140f.jpeg?odnHeight=450&odnWidth=450&odnBg=FFFFFF","entityType":"SECONDARY"},{"thumbnailImage":"https://i5.walmartimages.com/asr/23db891e-cafa-45e7-9d9f-847612529af7_1.434a15679022bfa2aeb669b730458705.jpeg?odnHeight=100&odnWidth=100&odnBg=FFFFFF","mediumImage":"https://i5.walmartimages.com/asr/23db891e-cafa-45e7-9d9f-847612529af7_1.434a15679022bfa2aeb669b730458705.jpeg?odnHeight=180&odnWidth=180&odnBg=FFFFFF","largeImage":"https://i5.walmartimages.com/asr/23db891e-cafa-45e7-9d9f-847612529af7_1.434a15679022bfa2aeb669b730458705.jpeg?odnHeight=450&odnWidth=450&odnBg=FFFFFF","entityType":"SECONDARY"},{"thumbnailImage":"https://i5.walmartimages.com/asr/99a59521-a5c5-4a29-922c-be35523cc634_1.7130ff82082939adbedf76a589d795f5.jpeg?odnHeight=100&odnWidth=100&odnBg=FFFFFF","mediumImage":"https://i5.walmartimages.com/asr/99a59521-a5c5-4a29-922c-be35523cc634_1.7130ff82082939adbedf76a589d795f5.jpeg?odnHeight=180&odnWidth=180&odnBg=FFFFFF","largeImage":"https://i5.walmartimages.com/asr/99a59521-a5c5-4a29-922c-be35523cc634_1.7130ff82082939adbedf76a589d795f5.jpeg?odnHeight=450&odnWidth=450&odnBg=FFFFFF","entityType":"SECONDARY"},{"thumbnailImage":"https://i5.walmartimages.com/asr/3dd1c0ba-526a-4c95-b6c9-e39598770593_1.ab03a34384492ff80ed38f53d1cf8585.jpeg?odnHeight=100&odnWidth=100&odnBg=FFFFFF","mediumImage":"https://i5.walmartimages.com/asr/3dd1c0ba-526a-4c95-b6c9-e39598770593_1.ab03a34384492ff80ed38f53d1cf8585.jpeg?odnHeight=180&odnWidth=180&odnBg=FFFFFF","largeImage":"https://i5.walmartimages.com/asr/3dd1c0ba-526a-4c95-b6c9-e39598770593_1.ab03a34384492ff80ed38f53d1cf8585.jpeg?odnHeight=450&odnWidth=450&odnBg=FFFFFF","entityType":"SECONDARY"},{"thumbnailImage":"https://i5.walmartimages.com/asr/0848506f-5863-40a1-a8b6-0278278e9e9f_1.d02ae6c0c3eabe08ec2f2b094b02b74b.jpeg?odnHeight=100&odnWidth=100&odnBg=FFFFFF","mediumImage":"https://i5.walmartimages.com/asr/0848506f-5863-40a1-a8b6-0278278e9e9f_1.d02ae6c0c3eabe08ec2f2b094b02b74b.jpeg?odnHeight=180&odnWidth=180&odnBg=FFFFFF","largeImage":"https://i5.walmartimages.com/asr/0848506f-5863-40a1-a8b6-0278278e9e9f_1.d02ae6c0c3eabe08ec2f2b094b02b74b.jpeg?odnHeight=450&odnWidth=450&odnBg=FFFFFF","entityType":"SECONDARY"},{"thumbnailImage":"https://i5.walmartimages.com/asr/017757bb-a0c8-4106-952c-2edee52e5904_1.965b7accab5e02ccefc12ffb0310d5b7.jpeg?odnHeight=100&odnWidth=100&odnBg=FFFFFF","mediumImage":"https://i5.walmartimages.com/asr/017757bb-a0c8-4106-952c-2edee52e5904_1.965b7accab5e02ccefc12ffb0310d5b7.jpeg?odnHeight=180&odnWidth=180&odnBg=FFFFFF","largeImage":"https://i5.walmartimages.com/asr/017757bb-a0c8-4106-952c-2edee52e5904_1.965b7accab5e02ccefc12ffb0310d5b7.jpeg?odnHeight=450&odnWidth=450&odnBg=FFFFFF","entityType":"SECONDARY"},{"thumbnailImage":"https://i5.walmartimages.com/asr/b437bdf3-398e-4abe-9c7c-0d6a53ff9f7b_1.590bd502e01243ff0aa57159e865eac1.jpeg?odnHeight=100&odnWidth=100&odnBg=FFFFFF","mediumImage":"https://i5.walmartimages.com/asr/b437bdf3-398e-4abe-9c7c-0d6a53ff9f7b_1.590bd502e01243ff0aa57159e865eac1.jpeg?odnHeight=180&odnWidth=180&odnBg=FFFFFF","largeImage":"https://i5.walmartimages.com/asr/b437bdf3-398e-4abe-9c7c-0d6a53ff9f7b_1.590bd502e01243ff0aa57159e865eac1.jpeg?odnHeight=450&odnWidth=450&odnBg=FFFFFF","entityType":"SECONDARY"},{"thumbnailImage":"https://i5.walmartimages.com/asr/7f2f9b9a-463e-4d94-a711-b2ef003e6dc1_1.a9a88f2fbacbe0261a9e20b0ce1bedd8.jpeg?odnHeight=100&odnWidth=100&odnBg=FFFFFF","mediumImage":"https://i5.walmartimages.com/asr/7f2f9b9a-463e-4d94-a711-b2ef003e6dc1_1.a9a88f2fbacbe0261a9e20b0ce1bedd8.jpeg?odnHeight=180&odnWidth=180&odnBg=FFFFFF","largeImage":"https://i5.walmartimages.com/asr/7f2f9b9a-463e-4d94-a711-b2ef003e6dc1_1.a9a88f2fbacbe0261a9e20b0ce1bedd8.jpeg?odnHeight=450&odnWidth=450&odnBg=FFFFFF","entityType":"SECONDARY"},{"thumbnailImage":"https://i5.walmartimages.com/asr/32de1430-a92a-490c-84f8-5c163adb3a37_1.3e443ca468aaf1066cdc8fe14833999e.jpeg?odnHeight=100&odnWidth=100&odnBg=FFFFFF","mediumImage":"https://i5.walmartimages.com/asr/32de1430-a92a-490c-84f8-5c163adb3a37_1.3e443ca468aaf1066cdc8fe14833999e.jpeg?odnHeight=180&odnWidth=180&odnBg=FFFFFF","largeImage":"https://i5.walmartimages.com/asr/32de1430-a92a-490c-84f8-5c163adb3a37_1.3e443ca468aaf1066cdc8fe14833999e.jpeg?odnHeight=450&odnWidth=450&odnBg=FFFFFF","entityType":"SECONDARY"},{"thumbnailImage":"https://i5.walmartimages.com/asr/c6ccd449-2bf9-442d-9a05-b0c7789ec836_1.fced48c1d7ad4a75a29ce960c3ac5ac7.jpeg?odnHeight=100&odnWidth=100&odnBg=FFFFFF","mediumImage":"https://i5.walmartimages.com/asr/c6ccd449-2bf9-442d-9a05-b0c7789ec836_1.fced48c1d7ad4a75a29ce960c3ac5ac7.jpeg?odnHeight=180&odnWidth=180&odnBg=FFFFFF","largeImage":"https://i5.walmartimages.com/asr/c6ccd449-2bf9-442d-9a05-b0c7789ec836_1.fced48c1d7ad4a75a29ce960c3ac5ac7.jpeg?odnHeight=450&odnWidth=450&odnBg=FFFFFF","entityType":"SECONDARY"},{"thumbnailImage":"https://i5.walmartimages.com/asr/4f29f3d9-19f8-4de0-8d13-37e5eabd78d2_1.760a224659d3bc8ecc2199481d4e3a46.jpeg?odnHeight=100&odnWidth=100&odnBg=FFFFFF","mediumImage":"https://i5.walmartimages.com/asr/4f29f3d9-19f8-4de0-8d13-37e5eabd78d2_1.760a224659d3bc8ecc2199481d4e3a46.jpeg?odnHeight=180&odnWidth=180&odnBg=FFFFFF","largeImage":"https://i5.walmartimages.com/asr/4f29f3d9-19f8-4de0-8d13-37e5eabd78d2_1.760a224659d3bc8ecc2199481d4e3a46.jpeg?odnHeight=450&odnWidth=450&odnBg=FFFFFF","entityType":"SECONDARY"},{"thumbnailImage":"https://i5.walmartimages.com/asr/44d34d9d-759f-41c9-8c7a-89d965f1ee9d_1.95dce8e8517c5098f0cfdd162302fe20.gif?odnHeight=100&odnWidth=100&odnBg=FFFFFF","mediumImage":"https://i5.walmartimages.com/asr/44d34d9d-759f-41c9-8c7a-89d965f1ee9d_1.95dce8e8517c5098f0cfdd162302fe20.gif?odnHeight=180&odnWidth=180&odnBg=FFFFFF","largeImage":"https://i5.walmartimages.com/asr/44d34d9d-759f-41c9-8c7a-89d965f1ee9d_1.95dce8e8517c5098f0cfdd162302fe20.gif?odnHeight=450&odnWidth=450&odnBg=FFFFFF","entityType":"SECONDARY"},{"thumbnailImage":"https://i5.walmartimages.com/asr/3601bb62-d06e-4f10-9ce3-f463c52a8662_1.49cb61faaa3712de735801d77362deba.jpeg?odnHeight=100&odnWidth=100&odnBg=FFFFFF","mediumImage":"https://i5.walmartimages.com/asr/3601bb62-d06e-4f10-9ce3-f463c52a8662_1.49cb61faaa3712de735801d77362deba.jpeg?odnHeight=180&odnWidth=180&odnBg=FFFFFF","largeImage":"https://i5.walmartimages.com/asr/3601bb62-d06e-4f10-9ce3-f463c52a8662_1.49cb61faaa3712de735801d77362deba.jpeg?odnHeight=450&odnWidth=450&odnBg=FFFFFF","entityType":"PRIMARY"}],"offerType":"ONLINE_ONLY","isTwoDayShippingEligible":true,"availableOnline":true}]}
	at com.google.gson.JsonElement.getAsJsonArray(JsonElement.java:107)
	at com.walmart.validation.ResponseValidator.validateTrendingItemsResponse(ResponseValidator.java:85)
	at com.walmart.test.TrendingItem.testTrendingItem(TrendingItem.java:14)
	at sun.reflect.NativeMethodAccessorImpl.invoke0(Native Method)
	at sun.reflect.NativeMethodAccessorImpl.invoke(NativeMethodAccessorImpl.java:62)
	at sun.reflect.DelegatingMethodAccessorImpl.invoke(DelegatingMethodAccessorImpl.java:43)
	at java.lang.reflect.Method.invoke(Method.java:498)
	at org.testng.internal.MethodInvocationHelper.invokeMethod(MethodInvocationHelper.java:86)
	at org.testng.internal.Invoker.invokeMethod(Invoker.java:643)
	at org.testng.internal.Invoker.invokeTestMethod(Invoker.java:820)
	at org.testng.internal.Invoker.invokeTestMethods(Invoker.java:1128)
	at org.testng.internal.TestMethodWorker.invokeTestMethods(TestMethodWorker.java:129)
	at org.testng.internal.TestMethodWorker.run(TestMethodWorker.java:112)
	at org.testng.TestRunner.privateRun(TestRunner.java:782)
	at org.testng.TestRunner.run(TestRunner.java:632)
	at org.testng.SuiteRunner.runTest(SuiteRunner.java:366)
	at org.testng.SuiteRunner.runSequentially(SuiteRunner.java:361)
	at org.testng.SuiteRunner.privateRun(SuiteRunner.java:319)
	at org.testng.SuiteRunner.run(SuiteRunner.java:268)
	at org.testng.SuiteRunnerWorker.runSuite(SuiteRunnerWorker.java:52)
	at org.testng.SuiteRunnerWorker.run(SuiteRunnerWorker.java:86)
	at org.testng.TestNG.runSuitesSequentially(TestNG.java:1244)
	at org.testng.TestNG.runSuitesLocally(TestNG.java:1169)
	at org.testng.TestNG.run(TestNG.java:1064)
	at org.testng.remote.AbstractRemoteTestNG.run(AbstractRemoteTestNG.java:114)
	at org.testng.remote.RemoteTestNG.initAndRun(RemoteTestNG.java:251)
	at org.testng.remote.RemoteTestNG.main(RemoteTestNG.java:77)
]]>
    </error>
  </testcase> <!-- testTrendingItem -->
</testsuite> <!-- com.walmart.test.TrendingItem -->
