<?xml version="1.0" encoding="UTF-8"?>
<!-- Generated by org.testng.reporters.JUnitXMLReporter -->
<testsuite hostname="EXIMR-IM-320" name="Regression suite 1" tests="8" failures="1" timestamp="24 May 2018 12:57:04 GMT" time="13.555" errors="0">
  <testcase name="testCustomerReviews" time="1.42" classname="com.walmart.test.CustomerReviews"/>
  <testcase name="testPagination" time="7.583" classname="com.walmart.test.Pagination"/>
  <testcase name="testSearchItems" time="0.463" classname="com.walmart.test.SearchItems"/>
  <testcase name="testSearchProduct" time="0.805" classname="com.walmart.test.SearchProduct"/>
  <testcase name="testStoreLocator" time="0.418" classname="com.walmart.test.StoreLocator"/>
  <testcase name="testTaxonomy" time="1.476" classname="com.walmart.test.Taxonomy"/>
  <testcase name="testTrendingItems" time="0.975" classname="com.walmart.test.TrendingItems"/>
  <testcase name="testValueOfTheDay" time="0.362" classname="com.walmart.test.ValueOfTheDay">
    <failure type="java.lang.NullPointerException">
      <![CDATA[java.lang.NullPointerException
	at java.io.StringReader.<init>(StringReader.java:50)
	at com.google.gson.JsonParser.parse(JsonParser.java:45)
	at com.walmart.validation.ResponseValidator.validateVODResponse(ResponseValidator.java:143)
	at com.walmart.test.ValueOfTheDay.testValueOfTheDay(ValueOfTheDay.java:17)
... Removed 24 stack frames]]>
    </failure>
  </testcase> <!-- testValueOfTheDay -->
</testsuite> <!-- Regression suite 1 -->
