<?xml version="1.0" encoding="UTF-8"?>
<!-- Generated by org.testng.reporters.JUnitXMLReporter -->
<testsuite hostname="EXIMR-IM-320" name="Test" tests="8" failures="2" timestamp="25 May 2018 12:34:33 GMT" time="20.619" errors="0">
  <testcase name="testCustomerReviews" time="1.136" classname="com.walmart.test.CustomerReviews">
    <failure type="java.lang.NullPointerException">
      <![CDATA[java.lang.NullPointerException
	at java.io.StringReader.<init>(StringReader.java:50)
	at com.google.gson.JsonParser.parse(JsonParser.java:45)
	at com.walmart.validation.ResponseValidator.validateCustomerReviewsResponse(ResponseValidator.java:117)
	at com.walmart.test.CustomerReviews.testCustomerReviews(CustomerReviews.java:16)
... Removed 24 stack frames]]>
    </failure>
  </testcase> <!-- testCustomerReviews -->
  <testcase name="testTrendingItems" time="1.714" classname="com.walmart.test.TrendingItems"/>
  <testcase name="testValueOfTheDay" time="0.627" classname="com.walmart.test.ValueOfTheDay">
    <failure type="java.lang.NullPointerException">
      <![CDATA[java.lang.NullPointerException
	at java.io.StringReader.<init>(StringReader.java:50)
	at com.google.gson.JsonParser.parse(JsonParser.java:45)
	at com.walmart.validation.ResponseValidator.validateVODResponse(ResponseValidator.java:143)
	at com.walmart.test.ValueOfTheDay.testValueOfTheDay(ValueOfTheDay.java:17)
... Removed 24 stack frames]]>
    </failure>
  </testcase> <!-- testValueOfTheDay -->
  <testcase name="testSearchProduct" time="0.855" classname="com.walmart.test.SearchProduct"/>
  <testcase name="testTaxonomy" time="2.23" classname="com.walmart.test.Taxonomy"/>
  <testcase name="testStoreLocator" time="0.368" classname="com.walmart.test.StoreLocator"/>
  <testcase name="testPagination" time="13.143" classname="com.walmart.test.Pagination"/>
  <testcase name="testSearchItems" time="0.501" classname="com.walmart.test.SearchItems"/>
</testsuite> <!-- Test -->
