<?xml version="1.0" encoding="UTF-8"?>
<!-- Generated by org.testng.reporters.JUnitXMLReporter -->
<testsuite hostname="EXIMR-IM-320" name="Test" tests="8" failures="2" timestamp="29 May 2018 08:50:38 GMT" time="18.316" errors="0">
  <testcase name="testCustomerReviews" time="2.701" classname="com.walmart.test.CustomerReviews">
    <failure type="java.lang.NullPointerException">
      <![CDATA[java.lang.NullPointerException
	at java.io.StringReader.<init>(StringReader.java:50)
	at com.google.gson.JsonParser.parse(JsonParser.java:45)
	at com.walmart.validation.ResponseValidator.validateCustomerReviewsResponse(ResponseValidator.java:117)
	at com.walmart.test.CustomerReviews.testCustomerReviews(CustomerReviews.java:16)
... Removed 24 stack frames]]>
    </failure>
  </testcase> <!-- testCustomerReviews -->
  <testcase name="testTrendingItems" time="3.189" classname="com.walmart.test.TrendingItems"/>
  <testcase name="testValueOfTheDay" time="1.55" classname="com.walmart.test.ValueOfTheDay">
    <failure type="java.lang.NullPointerException">
      <![CDATA[java.lang.NullPointerException
	at java.io.StringReader.<init>(StringReader.java:50)
	at com.google.gson.JsonParser.parse(JsonParser.java:45)
	at com.walmart.validation.ResponseValidator.validateVODResponse(ResponseValidator.java:143)
	at com.walmart.test.ValueOfTheDay.testValueOfTheDay(ValueOfTheDay.java:17)
... Removed 24 stack frames]]>
    </failure>
  </testcase> <!-- testValueOfTheDay -->
  <testcase name="testSearchProduct" time="1.786" classname="com.walmart.test.SearchProduct"/>
  <testcase name="testTaxonomy" time="4.063" classname="com.walmart.test.Taxonomy"/>
  <testcase name="testStoreLocator" time="1.408" classname="com.walmart.test.StoreLocator"/>
  <testcase name="testPagination" time="2.097" classname="com.walmart.test.Pagination"/>
  <testcase name="testSearchItems" time="1.342" classname="com.walmart.test.SearchItems"/>
</testsuite> <!-- Test -->
