<?xml version="1.0" encoding="UTF-8"?>
<!-- Generated by org.testng.reporters.JUnitXMLReporter -->
<testsuite hostname="EXIMR-IM-320" name="Test" tests="6" failures="0" timestamp="29 May 2018 12:12:35 GMT" time="6.655" errors="0">
  <testcase name="testTrendingItems" time="2.509" classname="com.walmart.test.TrendingItems"/>
  <testcase name="testSearchProduct" time="0.927" classname="com.walmart.test.SearchProduct"/>
  <testcase name="testTaxonomy" time="1.557" classname="com.walmart.test.Taxonomy"/>
  <testcase name="testStoreLocator" time="0.439" classname="com.walmart.test.StoreLocator"/>
  <testcase name="testPagination" time="0.755" classname="com.walmart.test.Pagination"/>
  <testcase name="testSearchItems" time="0.444" classname="com.walmart.test.SearchItems"/>
</testsuite> <!-- Test -->
